#
# A fatal error has been detected by the Java Runtime Environment:
#
#  SIGSEGV (0xb) at pc=0x00007f1d02a77e5c, pid=27871, tid=27922
#
# JRE version: OpenJDK Runtime Environment Temurin-17.0.6+10 (17.0.6+10) (build 17.0.6+10)
# Java VM: OpenJDK 64-Bit Server VM Temurin-17.0.6+10 (17.0.6+10, mixed mode, tiered, compressed oops, compressed class ptrs, parallel gc, linux-amd64)
# Problematic frame:
# V  [libjvm.so+0xc77e5c]  void OopOopIterateDispatch<PCIterateMarkAndPushClosure>::Table::oop_oop_iterate<InstanceKlass, narrowOop>(PCIterateMarkAndPushClosure*, oopDesc*, Klass*)+0x10c
#
# Core dump will be written. Default location: Core dumps may be processed with "/usr/share/apport/apport -p%p -s%s -c%c -d%d -P%P -u%u -g%g -- %E" (or dumping to /home/alois/Bureau/POO/core.27871)
#
# If you would like to submit a bug report, please visit:
#   https://github.com/adoptium/adoptium-support/issues
#

---------------  S U M M A R Y ------------

Command Line: --add-modules=ALL-SYSTEM --add-opens=java.base/java.util=ALL-UNNAMED --add-opens=java.base/java.lang=ALL-UNNAMED --add-opens=java.base/sun.nio.fs=ALL-UNNAMED -Declipse.application=org.eclipse.jdt.ls.core.id1 -Dosgi.bundles.defaultStartLevel=4 -Declipse.product=org.eclipse.jdt.ls.core.product -Djava.import.generatesMetadataFilesAtProjectRoot=false -Dfile.encoding=utf8 -XX:+UseParallelGC -XX:GCTimeRatio=4 -XX:AdaptiveSizePolicyWeight=90 -Dsun.zip.disableMemoryMapping=true -Xmx1G -Xms100m -Xlog:disable -javaagent:/home/alois/.vscode/extensions/redhat.java-1.15.0-linux-x64/lombok/lombok-1.18.24.jar -XX:+HeapDumpOnOutOfMemoryError -XX:HeapDumpPath=/home/alois/.config/Code/User/workspaceStorage/93142a60fbb5663d6a586b8591bfc3f8/redhat.java /home/alois/.vscode/extensions/redhat.java-1.15.0-linux-x64/server/plugins/org.eclipse.equinox.launcher_1.6.400.v20210924-0641.jar -configuration /home/alois/.config/Code/User/globalStorage/redhat.java/1.15.0/config_linux -data /home/alois/.config/Code/User/workspaceStorage/93142a60fbb5663d6a586b8591bfc3f8/redhat.java/jdt_ws

Host: Intel(R) Core(TM) i3-6157U CPU @ 2.40GHz, 4 cores, 7G, Ubuntu 22.04.2 LTS
Time: Fri Feb 24 17:22:58 2023 CET elapsed time: 4637.196115 seconds (0d 1h 17m 17s)

---------------  T H R E A D  ---------------

Current thread (0x00007f1cdc001230):  GCTaskThread "GC Thread#1" [stack: 0x00007f1ce26fe000,0x00007f1ce27fe000] [id=27922]

Stack: [0x00007f1ce26fe000,0x00007f1ce27fe000],  sp=0x00007f1ce27fcb40,  free space=1018k
Native frames: (J=compiled Java code, j=interpreted, Vv=VM code, C=native code)
V  [libjvm.so+0xc77e5c]  void OopOopIterateDispatch<PCIterateMarkAndPushClosure>::Table::oop_oop_iterate<InstanceKlass, narrowOop>(PCIterateMarkAndPushClosure*, oopDesc*, Klass*)+0x10c
V  [libjvm.so+0xc75875]  ParCompactionManager::follow_marking_stacks()+0x405
V  [libjvm.so+0xc89e4f]  MarkFromRootsTask::work(unsigned int)+0x8f
V  [libjvm.so+0xf118cf]  GangWorker::loop()+0x5f
V  [libjvm.so+0xf1192f]
V  [libjvm.so+0xe62020]  Thread::call_run()+0xc0
V  [libjvm.so+0xc187e1]  thread_native_entry(Thread*)+0xe1


siginfo: si_signo: 11 (SIGSEGV), si_code: 1 (SEGV_MAPERR), si_addr: 0x000000032b7b2108

Register to memory mapping:

RAX=0x0000000000000001 is an unknown value
RBX=0x00000000c6df6408 is pointing into object: [B 
{0x00000000c6df5470} - klass: {type array byte}
 - length: 7441
RCX=0x0000000000000003 is an unknown value
RDX=0x0 is NULL
RSP=0x00007f1ce27fcb40 points into unknown readable memory: 0x00000000c64a6fd8 | d8 6f 4a c6 00 00 00 00
RBP=0x00007f1ce27fcb90 points into unknown readable memory: 0x00007f1ce27fcc80 | 80 cc 7f e2 1c 7f 00 00
RSI=0x00007f1ce27fcc30 points into unknown readable memory: 0x00007f1d03010328 | 28 03 01 03 1d 7f 00 00
RDI=0x000000032b7b2100 is an unknown value
R8 =0x000000000000000c is an unknown value
R9 =0x00007f1ce27fcc30 points into unknown readable memory: 0x00007f1d03010328 | 28 03 01 03 1d 7f 00 00
R10=0x0 is NULL
R11=0x00007f1d030b8d28: <offset 0x00000000012b8d28> in /home/alois/.vscode/extensions/redhat.java-1.15.0-linux-x64/jre/17.0.6-linux-x86_64/lib/server/libjvm.so at 0x00007f1d01e00000
R12=0x0000100000000000 is an unknown value
R13=0x00000000c64a6fec is pointing into object: org.eclipse.jdt.internal.core.BinaryMethod 
{0x00000000c64a6fd8} - klass: 'org/eclipse/jdt/internal/core/BinaryMethod'
 - ---- fields (total size 6 words):
 - private 'parent' 'Lorg/eclipse/jdt/internal/core/JavaElement;' @12  
[error occurred during error reporting (printing register info), id 0xb, SIGSEGV (0xb) at pc=0x00007f1d02a00c28]

Registers:
RAX=0x0000000000000001, RBX=0x00000000c6df6408, RCX=0x0000000000000003, RDX=0x0000000000000000
RSP=0x00007f1ce27fcb40, RBP=0x00007f1ce27fcb90, RSI=0x00007f1ce27fcc30, RDI=0x000000032b7b2100
R8 =0x000000000000000c, R9 =0x00007f1ce27fcc30, R10=0x0000000000000000, R11=0x00007f1d030b8d28
R12=0x0000100000000000, R13=0x00000000c64a6fec, R14=0x00000000c64a6fe4, R15=0x0000000100533318
RIP=0x00007f1d02a77e5c, EFLAGS=0x0000000000010206, CSGSFS=0x002b000000000033, ERR=0x0000000000000004
  TRAPNO=0x000000000000000e

Top of Stack: (sp=0x00007f1ce27fcb40)
0x00007f1ce27fcb40:   00000000c64a6fd8 0000000100533328
0x00007f1ce27fcb50:   00007f1ce27fcc30 0000000000000003
0x00007f1ce27fcb60:   00007f1ce27fcb90 00007f1cfc0ac960
0x00007f1ce27fcb70:   0000100000000000 00000000c655eefc 

Instructions: (pc=0x00007f1d02a77e5c)
0x00007f1d02a77d5c:   41 54 53 48 89 d3 48 83 ec 28 48 89 7d c0 8b 57
0x00007f1d02a77d6c:   10 48 89 75 b0 48 89 fe 48 8b bb 98 00 00 00 e8
0x00007f1d02a77d7c:   30 1b 91 ff 48 63 83 a0 00 00 00 48 63 93 2c 01
0x00007f1d02a77d8c:   00 00 48 01 d0 4c 8d bc c3 d0 01 00 00 8b 83 28
0x00007f1d02a77d9c:   01 00 00 49 8d 04 c7 48 89 45 b8 4c 39 f8 0f 86
0x00007f1d02a77dac:   86 01 00 00 48 8b 45 b0 4d 63 07 4e 8d 34 00 41
0x00007f1d02a77dbc:   8b 47 04 4d 8d 2c 86 4d 39 f5 77 15 e9 5b 01 00
0x00007f1d02a77dcc:   00 0f 1f 00 49 83 c6 04 4d 39 f5 0f 86 4b 01 00
0x00007f1d02a77ddc:   00 41 8b 1e 85 db 74 ec 48 8d 05 45 05 64 00 48
0x00007f1d02a77dec:   8b 15 6e 28 6a 00 8b 48 08 48 d3 e3 48 03 18 48
0x00007f1d02a77dfc:   89 d9 48 2b 0a 48 89 c8 48 8d 0d 1d 0f 64 00 48
0x00007f1d02a77e0c:   c1 e8 03 8b 09 48 d3 e8 48 89 c1 48 89 c6 48 8b
0x00007f1d02a77e1c:   42 10 ba 01 00 00 00 83 e1 3f 48 c1 ee 06 48 d3
0x00007f1d02a77e2c:   e2 48 23 14 f0 75 9d 48 8d 05 93 73 68 00 0f b6
0x00007f1d02a77e3c:   00 84 c0 0f 84 4b 01 00 00 48 8d 35 d4 04 64 00
0x00007f1d02a77e4c:   8b 7b 08 8b 4e 08 48 d3 e7 48 03 3e 48 8b 75 c0
0x00007f1d02a77e5c:   8b 4f 08 4c 8b 66 18 85 c9 0f 8e dd 00 00 00 f6
0x00007f1d02a77e6c:   c1 01 74 1a 48 8b 07 48 8d 35 c6 3b 61 ff 48 8b
0x00007f1d02a77e7c:   80 00 01 00 00 48 39 f0 0f 85 30 01 00 00 c1 f9
0x00007f1d02a77e8c:   03 48 63 d1 48 8d 3d e9 28 6a 00 48 89 de 48 89
0x00007f1d02a77e9c:   55 c8 e8 4d bb fb ff 48 8b 55 c8 84 c0 0f 84 21
0x00007f1d02a77eac:   ff ff ff 48 8d 3d 8a 28 6a 00 48 89 de e8 b2 93
0x00007f1d02a77ebc:   00 00 41 8b 84 24 88 00 00 00 41 8b 8c 24 08 01
0x00007f1d02a77ecc:   00 00 89 c2 29 ca 81 e2 ff ff 01 00 81 fa fd ff
0x00007f1d02a77edc:   01 00 0f 86 ec 00 00 00 49 8b 84 24 a8 02 00 00
0x00007f1d02a77eec:   49 3b 84 24 90 02 00 00 0f 84 f9 00 00 00 49 8b
0x00007f1d02a77efc:   94 24 c0 02 00 00 48 8d 14 c2 48 83 c0 01 49 83
0x00007f1d02a77f0c:   c6 04 48 89 1a 49 89 84 24 a8 02 00 00 4d 39 f5
0x00007f1d02a77f1c:   0f 87 bb fe ff ff 66 0f 1f 44 00 00 49 83 c7 08
0x00007f1d02a77f2c:   4c 39 7d b8 0f 87 7a fe ff ff 48 83 c4 28 5b 41
0x00007f1d02a77f3c:   5c 41 5d 41 5e 41 5f 5d c3 0f 1f 00 74 56 3c 01
0x00007f1d02a77f4c:   48 8d 15 d9 0d 64 00 48 19 c0 83 e0 04 8b 32 48 


Stack slot to memory mapping:
stack at sp + 0 slots: 0x00000000c64a6fd8 is an oop: org.eclipse.jdt.internal.core.BinaryMethod 
{0x00000000c64a6fd8} - klass: 'org/eclipse/jdt/internal/core/BinaryMethod'
 - ---- fields (total size 6 words):
 - private 'parent' 'Lorg/eclipse/jdt/internal/core/JavaElement;' @12  
[error occurred during error reporting (inspecting top of stack), id 0xb, SIGSEGV (0xb) at pc=0x00007f1d02a00c28]


---------------  P R O C E S S  ---------------

Threads class SMR info:
_java_thread_list=0x00007f1c8c01a160, length=36, elements={
0x00007f1cfc027fa0, 0x00007f1cfc1634b0, 0x00007f1cfc164a20, 0x00007f1cfc18c5a0,
0x00007f1cfc18fe90, 0x00007f1cfc190e00, 0x00007f1cfc192450, 0x00007f1cfc193900,
0x00007f1cfc194d40, 0x00007f1cfc1ea140, 0x00007f1cfc2d35c0, 0x00007f1cfc4d40f0,
0x00007f1cfc4f2090, 0x00007f1cfc50df60, 0x00007f1cfc7adf50, 0x00007f1c8801d0b0,
0x00007f1c88307690, 0x00007f1c884e8800, 0x00007f1c888fb410, 0x00007f1cfc695820,
0x00007f1cfc5479c0, 0x00007f1ccc000eb0, 0x00007f1c8c037090, 0x00007f1cb80a7fd0,
0x00007f1cb80cf340, 0x00007f1c9c06aba0, 0x00007f1c98053b90, 0x00007f1c982278d0,
0x00007f1c8c07b790, 0x00007f1ca44d5e20, 0x00007f1c98054fe0, 0x00007f1cd4007770,
0x00007f1c9404b880, 0x00007f1c7817db90, 0x00007f1c78193cc0, 0x00007f1cd4007dc0
}

Java Threads: ( => current thread )
  0x00007f1cfc027fa0 JavaThread "main" [_thread_blocked, id=27872, stack(0x00007f1d01c19000,0x00007f1d01d19000)]
  0x00007f1cfc1634b0 JavaThread "Reference Handler" daemon [_thread_blocked, id=27875, stack(0x00007f1ce3afb000,0x00007f1ce3bfb000)]
  0x00007f1cfc164a20 JavaThread "Finalizer" daemon [_thread_blocked, id=27876, stack(0x00007f1ce39fb000,0x00007f1ce3afb000)]
  0x00007f1cfc18c5a0 JavaThread "Signal Dispatcher" daemon [_thread_blocked, id=27877, stack(0x00007f1ce3100000,0x00007f1ce3200000)]
  0x00007f1cfc18fe90 JavaThread "Service Thread" daemon [_thread_blocked, id=27879, stack(0x00007f1ce3000000,0x00007f1ce3100000)]
  0x00007f1cfc190e00 JavaThread "Monitor Deflation Thread" daemon [_thread_blocked, id=27880, stack(0x00007f1ce2f00000,0x00007f1ce3000000)]
  0x00007f1cfc192450 JavaThread "C2 CompilerThread0" daemon [_thread_blocked, id=27882, stack(0x00007f1ce2e00000,0x00007f1ce2f00000)]
  0x00007f1cfc193900 JavaThread "C1 CompilerThread0" daemon [_thread_blocked, id=27883, stack(0x00007f1ce2d00000,0x00007f1ce2e00000)]
  0x00007f1cfc194d40 JavaThread "Sweeper thread" daemon [_thread_blocked, id=27884, stack(0x00007f1ce2c00000,0x00007f1ce2d00000)]
  0x00007f1cfc1ea140 JavaThread "Common-Cleaner" daemon [_thread_blocked, id=27888, stack(0x00007f1ce2b00000,0x00007f1ce2c00000)]
  0x00007f1cfc2d35c0 JavaThread "Notification Thread" daemon [_thread_blocked, id=27897, stack(0x00007f1ce2a00000,0x00007f1ce2b00000)]
  0x00007f1cfc4d40f0 JavaThread "Active Thread: Equinox Container: 12a34a82-4ab9-4c27-83a2-2fb81c45eaee" [_thread_blocked, id=27933, stack(0x00007f1ce1800000,0x00007f1ce1900000)]
  0x00007f1cfc4f2090 JavaThread "Framework Event Dispatcher: Equinox Container: 12a34a82-4ab9-4c27-83a2-2fb81c45eaee" daemon [_thread_blocked, id=27938, stack(0x00007f1ce1700000,0x00007f1ce1800000)]
  0x00007f1cfc50df60 JavaThread "Start Level: Equinox Container: 12a34a82-4ab9-4c27-83a2-2fb81c45eaee" daemon [_thread_blocked, id=27939, stack(0x00007f1ce1600000,0x00007f1ce1700000)]
  0x00007f1cfc7adf50 JavaThread "Refresh Thread: Equinox Container: 12a34a82-4ab9-4c27-83a2-2fb81c45eaee" daemon [_thread_blocked, id=27943, stack(0x00007f1ce1400000,0x00007f1ce1500000)]
  0x00007f1c8801d0b0 JavaThread "SCR Component Actor" daemon [_thread_blocked, id=27953, stack(0x00007f1ce1300000,0x00007f1ce1400000)]
  0x00007f1c88307690 JavaThread "Worker-JM" [_thread_blocked, id=27966, stack(0x00007f1ce00c9000,0x00007f1ce01c9000)]
  0x00007f1c884e8800 JavaThread "Bundle File Closer" daemon [_thread_blocked, id=27975, stack(0x00007f1ce0c00000,0x00007f1ce0d00000)]
  0x00007f1c888fb410 JavaThread "Java indexing" daemon [_thread_blocked, id=27984, stack(0x00007f1ce0300000,0x00007f1ce0400000)]
  0x00007f1cfc695820 JavaThread "pool-2-thread-1" [_thread_blocked, id=27990, stack(0x00007f1c6b600000,0x00007f1c6b700000)]
  0x00007f1cfc5479c0 JavaThread "pool-1-thread-1" [_thread_in_native, id=27994, stack(0x00007f1c6b500000,0x00007f1c6b600000)]
  0x00007f1ccc000eb0 JavaThread "Attach Listener" daemon [_thread_blocked, id=28090, stack(0x00007f1ce27fe000,0x00007f1ce28fe000)]
  0x00007f1c8c037090 JavaThread "Java Debug Server" daemon [_thread_in_native, id=28146, stack(0x00007f1ce1500000,0x00007f1ce1600000)]
  0x00007f1cb80a7fd0 JavaThread "RxSchedulerPurge-1" daemon [_thread_blocked, id=28148, stack(0x00007f1ce1900000,0x00007f1ce1a00000)]
  0x00007f1cb80cf340 JavaThread "RxCachedWorkerPoolEvictor-1" daemon [_thread_blocked, id=28149, stack(0x00007f1ce1b00000,0x00007f1ce1c00000)]
  0x00007f1c9c06aba0 JavaThread "Worker-26: Publish Diagnostics" [_thread_blocked, id=42006, stack(0x00007f1c61900000,0x00007f1c61a00000)]
  0x00007f1c98053b90 JavaThread "ForkJoinPool.commonPool-worker-29" daemon [_thread_blocked, id=47404, stack(0x00007f1ce0e00000,0x00007f1ce0f00000)]
  0x00007f1c982278d0 JavaThread "ForkJoinPool.commonPool-worker-30" daemon [_thread_blocked, id=47405, stack(0x00007f1ce0d00000,0x00007f1ce0e00000)]
  0x00007f1c8c07b790 JavaThread "Worker-32" [_thread_blocked, id=47864, stack(0x00007f1c60e00000,0x00007f1c60f00000)]
  0x00007f1ca44d5e20 JavaThread "ForkJoinPool.commonPool-worker-31" daemon [_thread_blocked, id=47930, stack(0x00007f1ce0200000,0x00007f1ce0300000)]
  0x00007f1c98054fe0 JavaThread "ForkJoinPool.commonPool-worker-32" daemon [_thread_blocked, id=48152, stack(0x00007f1c6b400000,0x00007f1c6b500000)]
  0x00007f1cd4007770 JavaThread "Worker-33" [_thread_blocked, id=49296, stack(0x00007f1c6b700000,0x00007f1c6b800000)]
  0x00007f1c9404b880 JavaThread "ForkJoinPool.commonPool-worker-33" daemon [_thread_blocked, id=49339, stack(0x00007f1c61800000,0x00007f1c61900000)]
  0x00007f1c7817db90 JavaThread "Worker-34" [_thread_blocked, id=49361, stack(0x00007f1ce1a00000,0x00007f1ce1b00000)]
  0x00007f1c78193cc0 JavaThread "Worker-35" [_thread_blocked, id=49731, stack(0x00007f1ce0f00000,0x00007f1ce1000000)]
  0x00007f1cd4007dc0 JavaThread "Worker-36" [_thread_blocked, id=49788, stack(0x00007f1c60d00000,0x00007f1c60e00000)]

Other Threads:
  0x00007f1cfc153840 VMThread "VM Thread" [stack: 0x00007f1ce3bfd000,0x00007f1ce3cfd000] [id=27874]
  0x00007f1cfc072d60 WatcherThread [stack: 0x00007f1ce2900000,0x00007f1ce2a00000] [id=27898]
  0x00007f1cfc03f980 GCTaskThread "GC Thread#0" [stack: 0x00007f1d01742000,0x00007f1d01842000] [id=27873]
=>0x00007f1cdc001230 GCTaskThread "GC Thread#1" [stack: 0x00007f1ce26fe000,0x00007f1ce27fe000] [id=27922]
  0x00007f1cdc002a00 GCTaskThread "GC Thread#2" [stack: 0x00007f1ce25fc000,0x00007f1ce26fc000] [id=27923]
  0x00007f1cdc003240 GCTaskThread "GC Thread#3" [stack: 0x00007f1ce24fa000,0x00007f1ce25fa000] [id=27924]

Threads with active compile tasks:

VM state: at safepoint (normal execution)

VM Mutex/Monitor currently owned by a thread:  ([mutex/lock_event])
[0x00007f1cfc024d10] Threads_lock - owner thread: 0x00007f1cfc153840
[0x00007f1cfc0254c0] Heap_lock - owner thread: 0x00007f1c9c06aba0

Heap address: 0x00000000c0000000, size: 1024 MB, Compressed Oops mode: 32-bit

CDS archive(s) not mapped
Compressed class space mapped at: 0x0000000100000000-0x0000000140000000, reserved size: 1073741824
Narrow klass base: 0x0000000000000000, Narrow klass shift: 3, Narrow klass range: 0x140000000

GC Precious Log:
 CPUs: 4 total, 4 available
 Memory: 7856M
 Large Page Support: Disabled
 NUMA Support: Disabled
 Compressed Oops: Enabled (32-bit)
 Alignments: Space 512K, Generation 512K, Heap 2M
 Heap Min Capacity: 100M
 Heap Initial Capacity: 100M
 Heap Max Capacity: 1G
 Pre-touch: Disabled
 Parallel Workers: 4

Heap:
 PSYoungGen      total 2560K, used 512K [0x00000000eab00000, 0x00000000eb080000, 0x0000000100000000)
  eden space 2048K, 0% used [0x00000000eab00000,0x00000000eab00000,0x00000000ead00000)
  from space 512K, 100% used [0x00000000eae80000,0x00000000eaf00000,0x00000000eaf00000)
  to   space 1536K, 0% used [0x00000000ead00000,0x00000000ead00000,0x00000000eae80000)
 ParOldGen       total 154112K, used 153720K [0x00000000c0000000, 0x00000000c9680000, 0x00000000eab00000)
  object space 154112K, 99% used [0x00000000c0000000,0x00000000c961e158,0x00000000c9680000)
 Metaspace       used 91110K, committed 92160K, reserved 1138688K
  class space    used 9085K, committed 9536K, reserved 1048576K

Card table byte_map: [0x00007f1d01842000,0x00007f1d01a43000] _byte_map_base: 0x00007f1d01242000

Marking Bits: (ParMarkBitMap*) 0x00007f1d0311a780
 Begin Bits: [0x00007f1ce8200000, 0x00007f1ce9200000)
 End Bits:   [0x00007f1ce9200000, 0x00007f1cea200000)

Polling page: 0x00007f1d034ef000

Metaspace:

Usage:
  Non-class:     80,10 MB used.
      Class:      8,87 MB used.
       Both:     88,97 MB used.

Virtual space:
  Non-class space:       88,00 MB reserved,      80,69 MB ( 92%) committed,  11 nodes.
      Class space:        1,00 GB reserved,       9,31 MB ( <1%) committed,  1 nodes.
             Both:        1,09 GB reserved,      90,00 MB (  8%) committed. 

Chunk freelists:
   Non-Class:  2,67 MB
       Class:  2,51 MB
        Both:  5,19 MB

MaxMetaspaceSize: unlimited
CompressedClassSpaceSize: 1,00 GB
Initial GC threshold: 21,00 MB
Current GC threshold: 149,69 MB
CDS: off
MetaspaceReclaimPolicy: balanced
 - commit_granule_bytes: 65536.
 - commit_granule_words: 8192.
 - virtual_space_node_default_size: 1048576.
 - enlarge_chunks_in_place: 1.
 - new_chunks_are_fully_committed: 0.
 - uncommit_free_chunks: 1.
 - use_allocation_guard: 0.
 - handle_deallocations: 1.


Internal statistics:

num_allocs_failed_limit: 11.
num_arena_births: 754.
num_arena_deaths: 178.
num_vsnodes_births: 12.
num_vsnodes_deaths: 0.
num_space_committed: 1440.
num_space_uncommitted: 0.
num_chunks_returned_to_freelist: 221.
num_chunks_taken_from_freelist: 4550.
num_chunk_merges: 74.
num_chunk_splits: 2769.
num_chunks_enlarged: 1602.
num_purges: 14.
num_inconsistent_stats: 0.

CodeHeap 'non-profiled nmethods': size=120032Kb used=20809Kb max_used=20927Kb free=99222Kb
 bounds [0x00007f1cf1cc8000, 0x00007f1cf3198000, 0x00007f1cf9200000]
CodeHeap 'profiled nmethods': size=120028Kb used=35208Kb max_used=35304Kb free=84820Kb
 bounds [0x00007f1cea200000, 0x00007f1cec4a0000, 0x00007f1cf1737000]
CodeHeap 'non-nmethods': size=5700Kb used=1422Kb max_used=1529Kb free=4277Kb
 bounds [0x00007f1cf1737000, 0x00007f1cf19a7000, 0x00007f1cf1cc8000]
 total_blobs=17548 nmethods=16772 adapters=685
 compilation: enabled
              stopped_count=0, restarted_count=0
 full_count=0

Compilation events (20 events):
Event: 4633,838 Thread 0x00007f1cfc193900 24416  s!   3       org.eclipse.jdt.core.dom.DefaultBindingResolver::resolveName (1727 bytes)
Event: 4633,846 Thread 0x00007f1cfc193900 nmethod 24416 0x00007f1cec485b10 code [0x00007f1cec4869c0, 0x00007f1cec492710]
Event: 4633,986 Thread 0x00007f1cfc193900 24417       3       org.eclipse.jdt.internal.compiler.parser.Parser::consumeEnterVariable (807 bytes)
Event: 4633,988 Thread 0x00007f1cfc193900 nmethod 24417 0x00007f1cec161b10 code [0x00007f1cec161ec0, 0x00007f1cec163e80]
Event: 4634,390 Thread 0x00007f1cfc192450 24418   !   4       org.eclipse.jdt.internal.compiler.parser.Scanner::getNextToken0 (2562 bytes)
Event: 4634,489 Thread 0x00007f1cfc192450 nmethod 24418 0x00007f1cf2f46e90 code [0x00007f1cf2f47780, 0x00007f1cf2f4aa00]
Event: 4635,335 Thread 0x00007f1cfc193900 24419  s    3       org.eclipse.jdt.core.dom.DefaultBindingResolver::getVariableBinding (230 bytes)
Event: 4635,337 Thread 0x00007f1cfc193900 nmethod 24419 0x00007f1ceac4f510 code [0x00007f1ceac4f7c0, 0x00007f1ceac50a90]
Event: 4635,666 Thread 0x00007f1cfc193900 24420       3       lombok.eclipse.agent.PatchVal::is (182 bytes)
Event: 4635,668 Thread 0x00007f1cfc193900 nmethod 24420 0x00007f1ceaa29410 code [0x00007f1ceaa29680, 0x00007f1ceaa2a460]
Event: 4636,439 Thread 0x00007f1cfc192450 24421       4       org.eclipse.core.internal.resources.Resource::isLocal (17 bytes)
Event: 4636,440 Thread 0x00007f1cfc192450 nmethod 24421 0x00007f1cf2af7210 code [0x00007f1cf2af73a0, 0x00007f1cf2af7458]
Event: 4636,544 Thread 0x00007f1cfc192450 24422       4       org.eclipse.core.runtime.SubProgressMonitor::subTask (76 bytes)
Event: 4636,545 Thread 0x00007f1cfc192450 nmethod 24422 0x00007f1cf30a7690 code [0x00007f1cf30a7820, 0x00007f1cf30a7918]
Event: 4636,546 Thread 0x00007f1cfc193900 24423       3       org.eclipse.jdt.internal.compiler.ast.QualifiedNameReference::resolveType (889 bytes)
Event: 4636,550 Thread 0x00007f1cfc193900 nmethod 24423 0x00007f1cebbb0e10 code [0x00007f1cebbb1420, 0x00007f1cebbb5600]
Event: 4636,550 Thread 0x00007f1cfc193900 24424       3       org.eclipse.jdt.internal.compiler.ast.QualifiedNameReference::getOtherFieldBindings (694 bytes)
Event: 4636,553 Thread 0x00007f1cfc193900 nmethod 24424 0x00007f1ceb509b10 code [0x00007f1ceb50a060, 0x00007f1ceb50d8b0]
Event: 4636,648 Thread 0x00007f1cfc193900 24425       3       org.eclipse.core.internal.events.BuildManager::endBuild (47 bytes)
Event: 4636,648 Thread 0x00007f1cfc193900 nmethod 24425 0x00007f1ceb364190 code [0x00007f1ceb3643a0, 0x00007f1ceb364b70]

GC Heap History (20 events):
Event: 4636,459 GC heap after
{Heap after GC invocations=5443 (full 152):
 PSYoungGen      total 4608K, used 2048K [0x00000000eab00000, 0x00000000eb200000, 0x0000000100000000)
  eden space 2048K, 0% used [0x00000000eab00000,0x00000000eab00000,0x00000000ead00000)
  from space 2560K, 80% used [0x00000000ead00000,0x00000000eaf00000,0x00000000eaf80000)
  to   space 2560K, 0% used [0x00000000eaf80000,0x00000000eaf80000,0x00000000eb200000)
 ParOldGen       total 154112K, used 142607K [0x00000000c0000000, 0x00000000c9680000, 0x00000000eab00000)
  object space 154112K, 92% used [0x00000000c0000000,0x00000000c8b43de8,0x00000000c9680000)
 Metaspace       used 91109K, committed 92160K, reserved 1138688K
  class space    used 9085K, committed 9536K, reserved 1048576K
}
Event: 4636,466 GC heap before
{Heap before GC invocations=5444 (full 152):
 PSYoungGen      total 4608K, used 4096K [0x00000000eab00000, 0x00000000eb200000, 0x0000000100000000)
  eden space 2048K, 100% used [0x00000000eab00000,0x00000000ead00000,0x00000000ead00000)
  from space 2560K, 80% used [0x00000000ead00000,0x00000000eaf00000,0x00000000eaf80000)
  to   space 2560K, 0% used [0x00000000eaf80000,0x00000000eaf80000,0x00000000eb200000)
 ParOldGen       total 154112K, used 142607K [0x00000000c0000000, 0x00000000c9680000, 0x00000000eab00000)
  object space 154112K, 92% used [0x00000000c0000000,0x00000000c8b43de8,0x00000000c9680000)
 Metaspace       used 91109K, committed 92160K, reserved 1138688K
  class space    used 9085K, committed 9536K, reserved 1048576K
}
Event: 4636,472 GC heap after
{Heap after GC invocations=5444 (full 152):
 PSYoungGen      total 4608K, used 2080K [0x00000000eab00000, 0x00000000eb280000, 0x0000000100000000)
  eden space 2048K, 0% used [0x00000000eab00000,0x00000000eab00000,0x00000000ead00000)
  from space 2560K, 81% used [0x00000000eaf80000,0x00000000eb188000,0x00000000eb200000)
  to   space 2560K, 0% used [0x00000000ead00000,0x00000000ead00000,0x00000000eaf80000)
 ParOldGen       total 154112K, used 144639K [0x00000000c0000000, 0x00000000c9680000, 0x00000000eab00000)
  object space 154112K, 93% used [0x00000000c0000000,0x00000000c8d3fde8,0x00000000c9680000)
 Metaspace       used 91109K, committed 92160K, reserved 1138688K
  class space    used 9085K, committed 9536K, reserved 1048576K
}
Event: 4636,487 GC heap before
{Heap before GC invocations=5445 (full 152):
 PSYoungGen      total 4608K, used 4072K [0x00000000eab00000, 0x00000000eb280000, 0x0000000100000000)
  eden space 2048K, 97% used [0x00000000eab00000,0x00000000eacf21b8,0x00000000ead00000)
  from space 2560K, 81% used [0x00000000eaf80000,0x00000000eb188000,0x00000000eb200000)
  to   space 2560K, 0% used [0x00000000ead00000,0x00000000ead00000,0x00000000eaf80000)
 ParOldGen       total 154112K, used 144639K [0x00000000c0000000, 0x00000000c9680000, 0x00000000eab00000)
  object space 154112K, 93% used [0x00000000c0000000,0x00000000c8d3fde8,0x00000000c9680000)
 Metaspace       used 91109K, committed 92160K, reserved 1138688K
  class space    used 9085K, committed 9536K, reserved 1048576K
}
Event: 4636,491 GC heap after
{Heap after GC invocations=5445 (full 152):
 PSYoungGen      total 4608K, used 1528K [0x00000000eab00000, 0x00000000eb180000, 0x0000000100000000)
  eden space 2048K, 0% used [0x00000000eab00000,0x00000000eab00000,0x00000000ead00000)
  from space 2560K, 59% used [0x00000000ead00000,0x00000000eae7e000,0x00000000eaf80000)
  to   space 2048K, 0% used [0x00000000eaf80000,0x00000000eaf80000,0x00000000eb180000)
 ParOldGen       total 154112K, used 146679K [0x00000000c0000000, 0x00000000c9680000, 0x00000000eab00000)
  object space 154112K, 95% used [0x00000000c0000000,0x00000000c8f3dde8,0x00000000c9680000)
 Metaspace       used 91109K, committed 92160K, reserved 1138688K
  class space    used 9085K, committed 9536K, reserved 1048576K
}
Event: 4636,514 GC heap before
{Heap before GC invocations=5446 (full 152):
 PSYoungGen      total 4608K, used 3576K [0x00000000eab00000, 0x00000000eb180000, 0x0000000100000000)
  eden space 2048K, 100% used [0x00000000eab00000,0x00000000ead00000,0x00000000ead00000)
  from space 2560K, 59% used [0x00000000ead00000,0x00000000eae7e000,0x00000000eaf80000)
  to   space 2048K, 0% used [0x00000000eaf80000,0x00000000eaf80000,0x00000000eb180000)
 ParOldGen       total 154112K, used 146679K [0x00000000c0000000, 0x00000000c9680000, 0x00000000eab00000)
  object space 154112K, 95% used [0x00000000c0000000,0x00000000c8f3dde8,0x00000000c9680000)
 Metaspace       used 91109K, committed 92160K, reserved 1138688K
  class space    used 9085K, committed 9536K, reserved 1048576K
}
Event: 4636,517 GC heap after
{Heap after GC invocations=5446 (full 152):
 PSYoungGen      total 3072K, used 2042K [0x00000000eab00000, 0x00000000eb480000, 0x0000000100000000)
  eden space 1024K, 0% used [0x00000000eab00000,0x00000000eab00000,0x00000000eac00000)
  from space 2048K, 99% used [0x00000000eaf80000,0x00000000eb17e910,0x00000000eb180000)
  to   space 3584K, 0% used [0x00000000eac00000,0x00000000eac00000,0x00000000eaf80000)
 ParOldGen       total 154112K, used 147655K [0x00000000c0000000, 0x00000000c9680000, 0x00000000eab00000)
  object space 154112K, 95% used [0x00000000c0000000,0x00000000c9031de8,0x00000000c9680000)
 Metaspace       used 91109K, committed 92160K, reserved 1138688K
  class space    used 9085K, committed 9536K, reserved 1048576K
}
Event: 4636,519 GC heap before
{Heap before GC invocations=5447 (full 152):
 PSYoungGen      total 3072K, used 3066K [0x00000000eab00000, 0x00000000eb480000, 0x0000000100000000)
  eden space 1024K, 100% used [0x00000000eab00000,0x00000000eac00000,0x00000000eac00000)
  from space 2048K, 99% used [0x00000000eaf80000,0x00000000eb17e910,0x00000000eb180000)
  to   space 3584K, 0% used [0x00000000eac00000,0x00000000eac00000,0x00000000eaf80000)
 ParOldGen       total 154112K, used 147655K [0x00000000c0000000, 0x00000000c9680000, 0x00000000eab00000)
  object space 154112K, 95% used [0x00000000c0000000,0x00000000c9031de8,0x00000000c9680000)
 Metaspace       used 91109K, committed 92160K, reserved 1138688K
  class space    used 9085K, committed 9536K, reserved 1048576K
}
Event: 4636,521 GC heap after
{Heap after GC invocations=5447 (full 152):
 PSYoungGen      total 2048K, used 1024K [0x00000000eab00000, 0x00000000eb080000, 0x0000000100000000)
  eden space 1024K, 0% used [0x00000000eab00000,0x00000000eab00000,0x00000000eac00000)
  from space 1024K, 100% used [0x00000000eac00000,0x00000000ead00000,0x00000000ead00000)
  to   space 2048K, 0% used [0x00000000eae80000,0x00000000eae80000,0x00000000eb080000)
 ParOldGen       total 154112K, used 149697K [0x00000000c0000000, 0x00000000c9680000, 0x00000000eab00000)
  object space 154112K, 97% used [0x00000000c0000000,0x00000000c92306f8,0x00000000c9680000)
 Metaspace       used 91109K, committed 92160K, reserved 1138688K
  class space    used 9085K, committed 9536K, reserved 1048576K
}
Event: 4636,524 GC heap before
{Heap before GC invocations=5448 (full 152):
 PSYoungGen      total 2048K, used 2048K [0x00000000eab00000, 0x00000000eb080000, 0x0000000100000000)
  eden space 1024K, 100% used [0x00000000eab00000,0x00000000eac00000,0x00000000eac00000)
  from space 1024K, 100% used [0x00000000eac00000,0x00000000ead00000,0x00000000ead00000)
  to   space 2048K, 0% used [0x00000000eae80000,0x00000000eae80000,0x00000000eb080000)
 ParOldGen       total 154112K, used 149697K [0x00000000c0000000, 0x00000000c9680000, 0x00000000eab00000)
  object space 154112K, 97% used [0x00000000c0000000,0x00000000c92306f8,0x00000000c9680000)
 Metaspace       used 91109K, committed 92160K, reserved 1138688K
  class space    used 9085K, committed 9536K, reserved 1048576K
}
Event: 4636,526 GC heap after
{Heap after GC invocations=5448 (full 152):
 PSYoungGen      total 3072K, used 1056K [0x00000000eab00000, 0x00000000eb000000, 0x0000000100000000)
  eden space 1536K, 0% used [0x00000000eab00000,0x00000000eab00000,0x00000000eac80000)
  from space 1536K, 68% used [0x00000000eae80000,0x00000000eaf88000,0x00000000eb000000)
  to   space 1536K, 0% used [0x00000000ead00000,0x00000000ead00000,0x00000000eae80000)
 ParOldGen       total 154112K, used 150713K [0x00000000c0000000, 0x00000000c9680000, 0x00000000eab00000)
  object space 154112K, 97% used [0x00000000c0000000,0x00000000c932e6f8,0x00000000c9680000)
 Metaspace       used 91109K, committed 92160K, reserved 1138688K
  class space    used 9085K, committed 9536K, reserved 1048576K
}
Event: 4636,533 GC heap before
{Heap before GC invocations=5449 (full 152):
 PSYoungGen      total 3072K, used 2413K [0x00000000eab00000, 0x00000000eb000000, 0x0000000100000000)
  eden space 1536K, 88% used [0x00000000eab00000,0x00000000eac53428,0x00000000eac80000)
  from space 1536K, 68% used [0x00000000eae80000,0x00000000eaf88000,0x00000000eb000000)
  to   space 1536K, 0% used [0x00000000ead00000,0x00000000ead00000,0x00000000eae80000)
 ParOldGen       total 154112K, used 150713K [0x00000000c0000000, 0x00000000c9680000, 0x00000000eab00000)
  object space 154112K, 97% used [0x00000000c0000000,0x00000000c932e6f8,0x00000000c9680000)
 Metaspace       used 91109K, committed 92160K, reserved 1138688K
  class space    used 9085K, committed 9536K, reserved 1048576K
}
Event: 4636,535 GC heap after
{Heap after GC invocations=5449 (full 152):
 PSYoungGen      total 3584K, used 1184K [0x00000000eab00000, 0x00000000eb000000, 0x0000000100000000)
  eden space 2048K, 0% used [0x00000000eab00000,0x00000000eab00000,0x00000000ead00000)
  from space 1536K, 77% used [0x00000000ead00000,0x00000000eae28000,0x00000000eae80000)
  to   space 1536K, 0% used [0x00000000eae80000,0x00000000eae80000,0x00000000eb000000)
 ParOldGen       total 154112K, used 151729K [0x00000000c0000000, 0x00000000c9680000, 0x00000000eab00000)
  object space 154112K, 98% used [0x00000000c0000000,0x00000000c942c6f8,0x00000000c9680000)
 Metaspace       used 91109K, committed 92160K, reserved 1138688K
  class space    used 9085K, committed 9536K, reserved 1048576K
}
Event: 4636,735 GC heap before
{Heap before GC invocations=5450 (full 152):
 PSYoungGen      total 3584K, used 3232K [0x00000000eab00000, 0x00000000eb000000, 0x0000000100000000)
  eden space 2048K, 100% used [0x00000000eab00000,0x00000000ead00000,0x00000000ead00000)
  from space 1536K, 77% used [0x00000000ead00000,0x00000000eae28000,0x00000000eae80000)
  to   space 1536K, 0% used [0x00000000eae80000,0x00000000eae80000,0x00000000eb000000)
 ParOldGen       total 154112K, used 151729K [0x00000000c0000000, 0x00000000c9680000, 0x00000000eab00000)
  object space 154112K, 98% used [0x00000000c0000000,0x00000000c942c6f8,0x00000000c9680000)
 Metaspace       used 91110K, committed 92160K, reserved 1138688K
  class space    used 9085K, committed 9536K, reserved 1048576K
}
Event: 4636,737 GC heap after
{Heap after GC invocations=5450 (full 152):
 PSYoungGen      total 3584K, used 736K [0x00000000eab00000, 0x00000000eaf80000, 0x0000000100000000)
  eden space 2560K, 0% used [0x00000000eab00000,0x00000000eab00000,0x00000000ead80000)
  from space 1024K, 71% used [0x00000000eae80000,0x00000000eaf38000,0x00000000eaf80000)
  to   space 1024K, 0% used [0x00000000ead80000,0x00000000ead80000,0x00000000eae80000)
 ParOldGen       total 154112K, used 152641K [0x00000000c0000000, 0x00000000c9680000, 0x00000000eab00000)
  object space 154112K, 99% used [0x00000000c0000000,0x00000000c95106f8,0x00000000c9680000)
 Metaspace       used 91110K, committed 92160K, reserved 1138688K
  class space    used 9085K, committed 9536K, reserved 1048576K
}
Event: 4636,921 GC heap before
{Heap before GC invocations=5451 (full 152):
 PSYoungGen      total 3584K, used 3296K [0x00000000eab00000, 0x00000000eaf80000, 0x0000000100000000)
  eden space 2560K, 100% used [0x00000000eab00000,0x00000000ead80000,0x00000000ead80000)
  from space 1024K, 71% used [0x00000000eae80000,0x00000000eaf38000,0x00000000eaf80000)
  to   space 1024K, 0% used [0x00000000ead80000,0x00000000ead80000,0x00000000eae80000)
 ParOldGen       total 154112K, used 152641K [0x00000000c0000000, 0x00000000c9680000, 0x00000000eab00000)
  object space 154112K, 99% used [0x00000000c0000000,0x00000000c95106f8,0x00000000c9680000)
 Metaspace       used 91110K, committed 92160K, reserved 1138688K
  class space    used 9085K, committed 9536K, reserved 1048576K
}
Event: 4636,923 GC heap after
{Heap after GC invocations=5451 (full 152):
 PSYoungGen      total 3584K, used 192K [0x00000000eab00000, 0x00000000eaf00000, 0x0000000100000000)
  eden space 2560K, 0% used [0x00000000eab00000,0x00000000eab00000,0x00000000ead80000)
  from space 1024K, 18% used [0x00000000ead80000,0x00000000eadb0000,0x00000000eae80000)
  to   space 512K, 0% used [0x00000000eae80000,0x00000000eae80000,0x00000000eaf00000)
 ParOldGen       total 154112K, used 153305K [0x00000000c0000000, 0x00000000c9680000, 0x00000000eab00000)
  object space 154112K, 99% used [0x00000000c0000000,0x00000000c95b66f8,0x00000000c9680000)
 Metaspace       used 91110K, committed 92160K, reserved 1138688K
  class space    used 9085K, committed 9536K, reserved 1048576K
}
Event: 4637,159 GC heap before
{Heap before GC invocations=5452 (full 152):
 PSYoungGen      total 3584K, used 2752K [0x00000000eab00000, 0x00000000eaf00000, 0x0000000100000000)
  eden space 2560K, 100% used [0x00000000eab00000,0x00000000ead80000,0x00000000ead80000)
  from space 1024K, 18% used [0x00000000ead80000,0x00000000eadb0000,0x00000000eae80000)
  to   space 512K, 0% used [0x00000000eae80000,0x00000000eae80000,0x00000000eaf00000)
 ParOldGen       total 154112K, used 153305K [0x00000000c0000000, 0x00000000c9680000, 0x00000000eab00000)
  object space 154112K, 99% used [0x00000000c0000000,0x00000000c95b66f8,0x00000000c9680000)
 Metaspace       used 91110K, committed 92160K, reserved 1138688K
  class space    used 9085K, committed 9536K, reserved 1048576K
}
Event: 4637,162 GC heap after
{Heap after GC invocations=5452 (full 152):
 PSYoungGen      total 2560K, used 512K [0x00000000eab00000, 0x00000000eb080000, 0x0000000100000000)
  eden space 2048K, 0% used [0x00000000eab00000,0x00000000eab00000,0x00000000ead00000)
  from space 512K, 100% used [0x00000000eae80000,0x00000000eaf00000,0x00000000eaf00000)
  to   space 1536K, 0% used [0x00000000ead00000,0x00000000ead00000,0x00000000eae80000)
 ParOldGen       total 154112K, used 153720K [0x00000000c0000000, 0x00000000c9680000, 0x00000000eab00000)
  object space 154112K, 99% used [0x00000000c0000000,0x00000000c961e158,0x00000000c9680000)
 Metaspace       used 91110K, committed 92160K, reserved 1138688K
  class space    used 9085K, committed 9536K, reserved 1048576K
}
Event: 4637,162 GC heap before
{Heap before GC invocations=5453 (full 153):
 PSYoungGen      total 2560K, used 512K [0x00000000eab00000, 0x00000000eb080000, 0x0000000100000000)
  eden space 2048K, 0% used [0x00000000eab00000,0x00000000eab00000,0x00000000ead00000)
  from space 512K, 100% used [0x00000000eae80000,0x00000000eaf00000,0x00000000eaf00000)
  to   space 1536K, 0% used [0x00000000ead00000,0x00000000ead00000,0x00000000eae80000)
 ParOldGen       total 154112K, used 153720K [0x00000000c0000000, 0x00000000c9680000, 0x00000000eab00000)
  object space 154112K, 99% used [0x00000000c0000000,0x00000000c961e158,0x00000000c9680000)
 Metaspace       used 91110K, committed 92160K, reserved 1138688K
  class space    used 9085K, committed 9536K, reserved 1048576K
}

Dll operation events (10 events):
Event: 0,003 Loaded shared library /home/alois/.vscode/extensions/redhat.java-1.15.0-linux-x64/jre/17.0.6-linux-x86_64/lib/libjava.so
Event: 0,454 Loaded shared library /home/alois/.vscode/extensions/redhat.java-1.15.0-linux-x64/jre/17.0.6-linux-x86_64/lib/libzip.so
Event: 0,458 Loaded shared library /home/alois/.vscode/extensions/redhat.java-1.15.0-linux-x64/jre/17.0.6-linux-x86_64/lib/libinstrument.so
Event: 0,479 Loaded shared library /home/alois/.vscode/extensions/redhat.java-1.15.0-linux-x64/jre/17.0.6-linux-x86_64/lib/libnio.so
Event: 0,511 Loaded shared library /home/alois/.vscode/extensions/redhat.java-1.15.0-linux-x64/jre/17.0.6-linux-x86_64/lib/libzip.so
Event: 0,541 Loaded shared library /home/alois/.vscode/extensions/redhat.java-1.15.0-linux-x64/jre/17.0.6-linux-x86_64/lib/libjimage.so
Event: 0,658 Loaded shared library /home/alois/.vscode/extensions/redhat.java-1.15.0-linux-x64/jre/17.0.6-linux-x86_64/lib/libverify.so
Event: 1,331 Loaded shared library /home/alois/.vscode/extensions/redhat.java-1.15.0-linux-x64/jre/17.0.6-linux-x86_64/lib/libnet.so
Event: 3,718 Loaded shared library /home/alois/.config/Code/User/globalStorage/redhat.java/1.15.0/config_linux/org.eclipse.equinox.launcher/org.eclipse.equinox.launcher.gtk.linux.x86_64_1.2.700.v20221108-1024/eclipse_11801.so
Event: 32,424 Loaded shared library /home/alois/.vscode/extensions/redhat.java-1.15.0-linux-x64/jre/17.0.6-linux-x86_64/lib/libextnet.so

Deoptimization events (20 events):
Event: 4633,409 Thread 0x00007f1c982278d0 Uncommon trap: trap_request=0xffffff45 fr.pc=0x00007f1cf2c29088 relative=0x0000000000001de8
Event: 4633,409 Thread 0x00007f1c982278d0 Uncommon trap: reason=unstable_if action=reinterpret pc=0x00007f1cf2c29088 method=org.eclipse.jdt.core.dom.DefaultBindingResolver.getVariableBinding(Lorg/eclipse/jdt/internal/compiler/lookup/VariableBinding;Lorg/eclipse/jdt/core/dom/VariableDeclaration;)L
Event: 4633,409 Thread 0x00007f1c982278d0 DEOPT PACKING pc=0x00007f1cf2c29088 sp=0x00007f1ce0dfdb00
Event: 4633,409 Thread 0x00007f1c982278d0 DEOPT UNPACKING pc=0x00007f1cf178d399 sp=0x00007f1ce0dfda30 mode 2
Event: 4633,413 Thread 0x00007f1c982278d0 Uncommon trap: trap_request=0xffffffc6 fr.pc=0x00007f1cf2700558 relative=0x0000000000005fd8
Event: 4633,413 Thread 0x00007f1c982278d0 Uncommon trap: reason=bimorphic_or_optimized_type_check action=maybe_recompile pc=0x00007f1cf2700558 method=org.eclipse.jdt.core.dom.ASTConverter.convertType(Lorg/eclipse/jdt/internal/compiler/ast/TypeReference;)Lorg/eclipse/jdt/core/dom/Type; @ 178 c2
Event: 4633,413 Thread 0x00007f1c982278d0 DEOPT PACKING pc=0x00007f1cf2700558 sp=0x00007f1ce0dfdb90
Event: 4633,413 Thread 0x00007f1c982278d0 DEOPT UNPACKING pc=0x00007f1cf178d399 sp=0x00007f1ce0dfdb48 mode 2
Event: 4633,413 Thread 0x00007f1c982278d0 Uncommon trap: trap_request=0xffffff45 fr.pc=0x00007f1cf2e5efa4 relative=0x0000000000003e84
Event: 4633,413 Thread 0x00007f1c982278d0 Uncommon trap: reason=unstable_if action=reinterpret pc=0x00007f1cf2e5efa4 method=org.eclipse.jdt.core.dom.DefaultBindingResolver.resolveName(Lorg/eclipse/jdt/core/dom/Name;)Lorg/eclipse/jdt/core/dom/IBinding; @ 465 c2
Event: 4633,413 Thread 0x00007f1c982278d0 DEOPT PACKING pc=0x00007f1cf2e5efa4 sp=0x00007f1ce0dfdf90
Event: 4633,413 Thread 0x00007f1c982278d0 DEOPT UNPACKING pc=0x00007f1cf178d399 sp=0x00007f1ce0dfdf40 mode 2
Event: 4633,414 Thread 0x00007f1c982278d0 Uncommon trap: trap_request=0xffffff45 fr.pc=0x00007f1cf2619e48 relative=0x00000000000006c8
Event: 4633,414 Thread 0x00007f1c982278d0 Uncommon trap: reason=unstable_if action=reinterpret pc=0x00007f1cf2619e48 method=org.eclipse.jdt.core.dom.DefaultBindingResolver.getVariableBinding(Lorg/eclipse/jdt/internal/compiler/lookup/VariableBinding;)Lorg/eclipse/jdt/core/dom/IVariableBinding; @ 1
Event: 4633,414 Thread 0x00007f1c982278d0 DEOPT PACKING pc=0x00007f1cf2619e48 sp=0x00007f1ce0dfdec0
Event: 4633,414 Thread 0x00007f1c982278d0 DEOPT UNPACKING pc=0x00007f1cf178d399 sp=0x00007f1ce0dfde70 mode 2
Event: 4634,243 Thread 0x00007f1c982278d0 Uncommon trap: trap_request=0xffffff45 fr.pc=0x00007f1cf3070824 relative=0x0000000000000104
Event: 4634,243 Thread 0x00007f1c982278d0 Uncommon trap: reason=unstable_if action=reinterpret pc=0x00007f1cf3070824 method=org.eclipse.jdt.internal.compiler.parser.Scanner.getNextCharAsDigit()Z @ 8 c2
Event: 4634,243 Thread 0x00007f1c982278d0 DEOPT PACKING pc=0x00007f1cf3070824 sp=0x00007f1ce0dfd8f0
Event: 4634,243 Thread 0x00007f1c982278d0 DEOPT UNPACKING pc=0x00007f1cf178d399 sp=0x00007f1ce0dfd8a8 mode 2

Classes unloaded (20 events):
Event: 1214,353 Thread 0x00007f1cfc153840 Unloading class 0x0000000100318800 'java/lang/invoke/LambdaForm$MH+0x0000000100318800'
Event: 1214,353 Thread 0x00007f1cfc153840 Unloading class 0x00000001001b2000 'java/lang/invoke/LambdaForm$MH+0x00000001001b2000'
Event: 1826,757 Thread 0x00007f1cfc153840 Unloading class 0x0000000100898400 'jdk/internal/reflect/GeneratedConstructorAccessor50'
Event: 1826,757 Thread 0x00007f1cfc153840 Unloading class 0x000000010084e400 'jdk/internal/reflect/GeneratedConstructorAccessor49'
Event: 1826,757 Thread 0x00007f1cfc153840 Unloading class 0x000000010084e000 'jdk/internal/reflect/GeneratedConstructorAccessor48'
Event: 1826,757 Thread 0x00007f1cfc153840 Unloading class 0x000000010084d800 'jdk/internal/reflect/GeneratedConstructorAccessor46'
Event: 1826,757 Thread 0x00007f1cfc153840 Unloading class 0x000000010084d400 'jdk/internal/reflect/GeneratedConstructorAccessor45'
Event: 1826,757 Thread 0x00007f1cfc153840 Unloading class 0x000000010084d000 'jdk/internal/reflect/GeneratedConstructorAccessor44'
Event: 2845,477 Thread 0x00007f1cfc153840 Unloading class 0x0000000100922800 'jdk/internal/reflect/GeneratedMethodAccessor41'
Event: 2845,477 Thread 0x00007f1cfc153840 Unloading class 0x0000000100922400 'jdk/internal/reflect/GeneratedConstructorAccessor67'
Event: 2845,477 Thread 0x00007f1cfc153840 Unloading class 0x00000001000c9400 'jdk/internal/reflect/GeneratedConstructorAccessor66'
Event: 2845,477 Thread 0x00007f1cfc153840 Unloading class 0x0000000100121000 'jdk/internal/reflect/GeneratedConstructorAccessor65'
Event: 2845,477 Thread 0x00007f1cfc153840 Unloading class 0x00000001001b3000 'jdk/internal/reflect/GeneratedConstructorAccessor64'
Event: 2845,477 Thread 0x00007f1cfc153840 Unloading class 0x00000001001b4000 'jdk/internal/reflect/GeneratedConstructorAccessor63'
Event: 2845,477 Thread 0x00007f1cfc153840 Unloading class 0x00000001006c4000 'jdk/internal/reflect/GeneratedConstructorAccessor27'
Event: 2845,477 Thread 0x00007f1cfc153840 Unloading class 0x00000001002b8c00 'jdk/internal/reflect/GeneratedSerializationConstructorAccessor3'
Event: 2845,477 Thread 0x00007f1cfc153840 Unloading class 0x00000001002b8800 'jdk/internal/reflect/GeneratedSerializationConstructorAccessor2'
Event: 2845,477 Thread 0x00007f1cfc153840 Unloading class 0x00000001002b8400 'jdk/internal/reflect/GeneratedSerializationConstructorAccessor1'
Event: 4158,515 Thread 0x00007f1cfc153840 Unloading class 0x0000000100751000 'jdk/internal/reflect/GeneratedConstructorAccessor31'
Event: 4202,328 Thread 0x00007f1cfc153840 Unloading class 0x000000010033d000 'jdk/internal/reflect/GeneratedConstructorAccessor61'

Classes redefined (0 events):
No events

Internal exceptions (20 events):
Event: 4513,860 Thread 0x00007f1c888fb410 Exception <a 'sun/nio/fs/UnixException'{0x00000000eae424e8}> (0x00000000eae424e8) 
thrown [src/hotspot/share/prims/jni.cpp, line 516]
Event: 4514,147 Thread 0x00007f1c888fb410 Exception <a 'sun/nio/fs/UnixException'{0x00000000ead48220}> (0x00000000ead48220) 
thrown [src/hotspot/share/prims/jni.cpp, line 516]
Event: 4518,098 Thread 0x00007f1c888fb410 Exception <a 'sun/nio/fs/UnixException'{0x00000000eab5d950}> (0x00000000eab5d950) 
thrown [src/hotspot/share/prims/jni.cpp, line 516]
Event: 4518,355 Thread 0x00007f1c888fb410 Exception <a 'sun/nio/fs/UnixException'{0x00000000eabd30b8}> (0x00000000eabd30b8) 
thrown [src/hotspot/share/prims/jni.cpp, line 516]
Event: 4522,120 Thread 0x00007f1c888fb410 Exception <a 'sun/nio/fs/UnixException'{0x00000000eabee6d8}> (0x00000000eabee6d8) 
thrown [src/hotspot/share/prims/jni.cpp, line 516]
Event: 4522,208 Thread 0x00007f1c888fb410 Exception <a 'sun/nio/fs/UnixException'{0x00000000eac9ed90}> (0x00000000eac9ed90) 
thrown [src/hotspot/share/prims/jni.cpp, line 516]
Event: 4529,234 Thread 0x00007f1c888fb410 Exception <a 'sun/nio/fs/UnixException'{0x00000000eae22c38}> (0x00000000eae22c38) 
thrown [src/hotspot/share/prims/jni.cpp, line 516]
Event: 4529,318 Thread 0x00007f1c888fb410 Exception <a 'sun/nio/fs/UnixException'{0x00000000eaeab1a0}> (0x00000000eaeab1a0) 
thrown [src/hotspot/share/prims/jni.cpp, line 516]
Event: 4535,677 Thread 0x00007f1c888fb410 Exception <a 'sun/nio/fs/UnixException'{0x00000000eab88318}> (0x00000000eab88318) 
thrown [src/hotspot/share/prims/jni.cpp, line 516]
Event: 4535,769 Thread 0x00007f1c888fb410 Exception <a 'sun/nio/fs/UnixException'{0x00000000eadbf8a0}> (0x00000000eadbf8a0) 
thrown [src/hotspot/share/prims/jni.cpp, line 516]
Event: 4546,001 Thread 0x00007f1c888fb410 Exception <a 'sun/nio/fs/UnixException'{0x00000000eace9c48}> (0x00000000eace9c48) 
thrown [src/hotspot/share/prims/jni.cpp, line 516]
Event: 4546,272 Thread 0x00007f1c888fb410 Exception <a 'sun/nio/fs/UnixException'{0x00000000eadeb9a0}> (0x00000000eadeb9a0) 
thrown [src/hotspot/share/prims/jni.cpp, line 516]
Event: 4575,723 Thread 0x00007f1c888fb410 Exception <a 'sun/nio/fs/UnixException'{0x00000000eada3af8}> (0x00000000eada3af8) 
thrown [src/hotspot/share/prims/jni.cpp, line 516]
Event: 4575,819 Thread 0x00007f1c888fb410 Exception <a 'sun/nio/fs/UnixException'{0x00000000eab30f00}> (0x00000000eab30f00) 
thrown [src/hotspot/share/prims/jni.cpp, line 516]
Event: 4590,945 Thread 0x00007f1c888fb410 Exception <a 'sun/nio/fs/UnixException'{0x00000000eab00188}> (0x00000000eab00188) 
thrown [src/hotspot/share/prims/jni.cpp, line 516]
Event: 4591,040 Thread 0x00007f1c888fb410 Exception <a 'sun/nio/fs/UnixException'{0x00000000eac65490}> (0x00000000eac65490) 
thrown [src/hotspot/share/prims/jni.cpp, line 516]
Event: 4633,408 Thread 0x00007f1c982278d0 Implicit null exception at 0x00007f1cf2b31124 to 0x00007f1cf2b33cc8
Event: 4633,409 Thread 0x00007f1c982278d0 Implicit null exception at 0x00007f1cf2227220 to 0x00007f1cf2228c2c
Event: 4636,443 Thread 0x00007f1c888fb410 Exception <a 'sun/nio/fs/UnixException'{0x00000000eabe8e78}> (0x00000000eabe8e78) 
thrown [src/hotspot/share/prims/jni.cpp, line 516]
Event: 4636,553 Thread 0x00007f1c888fb410 Exception <a 'sun/nio/fs/UnixException'{0x00000000eab9e430}> (0x00000000eab9e430) 
thrown [src/hotspot/share/prims/jni.cpp, line 516]

VM Operations (20 events):
Event: 4636,449 Executing VM operation: ParallelGCFailedAllocation done
Event: 4636,456 Executing VM operation: ParallelGCFailedAllocation
Event: 4636,459 Executing VM operation: ParallelGCFailedAllocation done
Event: 4636,465 Executing VM operation: ParallelGCFailedAllocation
Event: 4636,472 Executing VM operation: ParallelGCFailedAllocation done
Event: 4636,487 Executing VM operation: ParallelGCFailedAllocation
Event: 4636,491 Executing VM operation: ParallelGCFailedAllocation done
Event: 4636,513 Executing VM operation: ParallelGCFailedAllocation
Event: 4636,517 Executing VM operation: ParallelGCFailedAllocation done
Event: 4636,519 Executing VM operation: ParallelGCFailedAllocation
Event: 4636,521 Executing VM operation: ParallelGCFailedAllocation done
Event: 4636,524 Executing VM operation: ParallelGCFailedAllocation
Event: 4636,526 Executing VM operation: ParallelGCFailedAllocation done
Event: 4636,533 Executing VM operation: ParallelGCFailedAllocation
Event: 4636,535 Executing VM operation: ParallelGCFailedAllocation done
Event: 4636,735 Executing VM operation: ParallelGCFailedAllocation
Event: 4636,737 Executing VM operation: ParallelGCFailedAllocation done
Event: 4636,921 Executing VM operation: ParallelGCFailedAllocation
Event: 4636,923 Executing VM operation: ParallelGCFailedAllocation done
Event: 4637,159 Executing VM operation: ParallelGCFailedAllocation

Events (20 events):
Event: 4633,435 Thread 0x00007f1cfc194d40 flushing nmethod 0x00007f1ceb509690
Event: 4633,437 Thread 0x00007f1cfc194d40 flushing nmethod 0x00007f1ceb6b3990
Event: 4633,437 Thread 0x00007f1cfc194d40 flushing nmethod 0x00007f1ceb7ad690
Event: 4633,437 Thread 0x00007f1cfc194d40 flushing nmethod 0x00007f1ceb7e5590
Event: 4633,437 Thread 0x00007f1cfc194d40 flushing nmethod 0x00007f1ceb7e9510
Event: 4633,437 Thread 0x00007f1cfc194d40 flushing nmethod 0x00007f1ceb7e9f10
Event: 4633,437 Thread 0x00007f1cfc194d40 flushing nmethod 0x00007f1ceb819810
Event: 4633,439 Thread 0x00007f1cfc194d40 flushing nmethod 0x00007f1cebabf590
Event: 4633,439 Thread 0x00007f1cfc194d40 flushing nmethod 0x00007f1cebb4e310
Event: 4633,440 Thread 0x00007f1cfc194d40 flushing nmethod 0x00007f1cebbb0690
Event: 4633,440 Thread 0x00007f1cfc194d40 flushing nmethod 0x00007f1cebbb9b90
Event: 4633,440 Thread 0x00007f1cfc194d40 flushing nmethod 0x00007f1cebc4b790
Event: 4633,440 Thread 0x00007f1cfc194d40 flushing nmethod 0x00007f1cebcd3f10
Event: 4633,441 Thread 0x00007f1cfc194d40 flushing nmethod 0x00007f1cebdd6610
Event: 4633,442 Thread 0x00007f1cfc194d40 flushing nmethod 0x00007f1cebe47790
Event: 4633,444 Thread 0x00007f1cfc194d40 flushing nmethod 0x00007f1cec161b10
Event: 4633,444 Thread 0x00007f1cfc194d40 flushing nmethod 0x00007f1cec193c10
Event: 4636,545 Thread 0x00007f1cd4005ab0 Thread added: 0x00007f1cd4005ab0
Event: 4636,545 Protecting memory [0x00007f1c6a300000,0x00007f1c6a304000] with protection modes 0
Event: 4636,547 Thread 0x00007f1cd4005ab0 Thread exited: 0x00007f1cd4005ab0


Dynamic libraries:
c0000000-c9680000 rw-p 00000000 00:00 0 
c9680000-eab00000 ---p 00000000 00:00 0 
eab00000-eb080000 rw-p 00000000 00:00 0 
eb080000-100000000 ---p 00000000 00:00 0 
100000000-100020000 rw-p 00000000 00:00 0 
100020000-100040000 rw-p 00000000 00:00 0 
100040000-1000c0000 rw-p 00000000 00:00 0 
1000c0000-1000e0000 rw-p 00000000 00:00 0 
1000e0000-100140000 rw-p 00000000 00:00 0 
100140000-100180000 rw-p 00000000 00:00 0 
100180000-100200000 rw-p 00000000 00:00 0 
100200000-100340000 rw-p 00000000 00:00 0 
100340000-100380000 rw-p 00000000 00:00 0 
100380000-100640000 rw-p 00000000 00:00 0 
100640000-100680000 rw-p 00000000 00:00 0 
100680000-100860000 rw-p 00000000 00:00 0 
100860000-1008c0000 rw-p 00000000 00:00 0 
1008c0000-100940000 rw-p 00000000 00:00 0 
100940000-100950000 rw-p 00000000 00:00 0 
100950000-140000000 ---p 00000000 00:00 0 
5610c8c51000-5610c8c52000 r--p 00000000 08:06 2790606                    /home/alois/.vscode/extensions/redhat.java-1.15.0-linux-x64/jre/17.0.6-linux-x86_64/bin/java
5610c8c52000-5610c8c53000 r-xp 00001000 08:06 2790606                    /home/alois/.vscode/extensions/redhat.java-1.15.0-linux-x64/jre/17.0.6-linux-x86_64/bin/java
5610c8c53000-5610c8c54000 r--p 00002000 08:06 2790606                    /home/alois/.vscode/extensions/redhat.java-1.15.0-linux-x64/jre/17.0.6-linux-x86_64/bin/java
5610c8c54000-5610c8c55000 r--p 00002000 08:06 2790606                    /home/alois/.vscode/extensions/redhat.java-1.15.0-linux-x64/jre/17.0.6-linux-x86_64/bin/java
5610c8c55000-5610c8c56000 rw-p 00003000 08:06 2790606                    /home/alois/.vscode/extensions/redhat.java-1.15.0-linux-x64/jre/17.0.6-linux-x86_64/bin/java
5610c8fef000-5610c949c000 rw-p 00000000 00:00 0                          [heap]
7f1c58000000-7f1c58d29000 rw-p 00000000 00:00 0 
7f1c58d29000-7f1c5c000000 ---p 00000000 00:00 0 
7f1c5e800000-7f1c5e960000 rw-p 00000000 00:00 0 
7f1c5e960000-7f1c5f000000 ---p 00000000 00:00 0 
7f1c5f000000-7f1c5f100000 rw-p 00000000 00:00 0 
7f1c5f100000-7f1c5f200000 rw-p 00000000 00:00 0 
7f1c5f200000-7f1c5f700000 rw-p 00000000 00:00 0 
7f1c5f700000-7f1c5f750000 rw-p 00000000 00:00 0 
7f1c5f750000-7f1c5f800000 ---p 00000000 00:00 0 
7f1c5fb00000-7f1c5fb04000 ---p 00000000 00:00 0 
7f1c5fb04000-7f1c5ff00000 rw-p 00000000 00:00 0 
7f1c5ff00000-7f1c60000000 rw-p 00000000 00:00 0 
7f1c60000000-7f1c60100000 rw-p 00000000 00:00 0 
7f1c60100000-7f1c60200000 rw-p 00000000 00:00 0 
7f1c60200000-7f1c602c0000 rw-p 00000000 00:00 0 
7f1c602c0000-7f1c60300000 rw-p 00000000 00:00 0 
7f1c60300000-7f1c60400000 rw-p 00000000 00:00 0 
7f1c60400000-7f1c60c00000 rw-p 00000000 00:00 0 
7f1c60c00000-7f1c60c04000 ---p 00000000 00:00 0 
7f1c60c04000-7f1c60d00000 rw-p 00000000 00:00 0 
7f1c60d00000-7f1c60d04000 ---p 00000000 00:00 0 
7f1c60d04000-7f1c60e00000 rw-p 00000000 00:00 0 
7f1c60e00000-7f1c60e04000 ---p 00000000 00:00 0 
7f1c60e04000-7f1c60f00000 rw-p 00000000 00:00 0 
7f1c60f00000-7f1c60f04000 ---p 00000000 00:00 0 
7f1c60f04000-7f1c61380000 rw-p 00000000 00:00 0 
7f1c61380000-7f1c61400000 rw-p 00000000 00:00 0 
7f1c61400000-7f1c61800000 rw-p 00000000 00:00 0 
7f1c61800000-7f1c61804000 ---p 00000000 00:00 0 
7f1c61804000-7f1c61900000 rw-p 00000000 00:00 0 
7f1c61900000-7f1c61904000 ---p 00000000 00:00 0 
7f1c61904000-7f1c61a00000 rw-p 00000000 00:00 0 
7f1c61a00000-7f1c6a203000 r--s 00000000 08:06 5770988                    /usr/lib/jvm/java-11-openjdk-amd64/lib/modules
7f1c6a300000-7f1c6a304000 ---p 00000000 00:00 0 
7f1c6a304000-7f1c6a580000 rw-p 00000000 00:00 0 
7f1c6a580000-7f1c6a600000 rw-p 00000000 00:00 0 
7f1c6a600000-7f1c6ac00000 rw-p 00000000 00:00 0 
7f1c6ac00000-7f1c6af80000 rw-p 00000000 00:00 0 
7f1c6af80000-7f1c6b000000 rw-p 00000000 00:00 0 
7f1c6b000000-7f1c6b400000 rw-p 00000000 00:00 0 
7f1c6b400000-7f1c6b404000 ---p 00000000 00:00 0 
7f1c6b404000-7f1c6b500000 rw-p 00000000 00:00 0 
7f1c6b500000-7f1c6b504000 ---p 00000000 00:00 0 
7f1c6b504000-7f1c6b600000 rw-p 00000000 00:00 0 
7f1c6b600000-7f1c6b604000 ---p 00000000 00:00 0 
7f1c6b604000-7f1c6b700000 rw-p 00000000 00:00 0 
7f1c6b700000-7f1c6b704000 ---p 00000000 00:00 0 
7f1c6b704000-7f1c6bd00000 rw-p 00000000 00:00 0 
7f1c6bd00000-7f1c6be00000 rw-p 00000000 00:00 0 
7f1c6be00000-7f1c6c000000 rw-p 00000000 00:00 0 
7f1c6c000000-7f1c6c581000 rw-p 00000000 00:00 0 
7f1c6c581000-7f1c70000000 ---p 00000000 00:00 0 
7f1c70000000-7f1c71589000 rw-p 00000000 00:00 0 
7f1c71589000-7f1c74000000 ---p 00000000 00:00 0 
7f1c74000000-7f1c7420d000 rw-p 00000000 00:00 0 
7f1c7420d000-7f1c78000000 ---p 00000000 00:00 0 
7f1c78000000-7f1c78a4e000 rw-p 00000000 00:00 0 
7f1c78a4e000-7f1c7c000000 ---p 00000000 00:00 0 
7f1c7c000000-7f1c7cd0c000 rw-p 00000000 00:00 0 
7f1c7cd0c000-7f1c80000000 ---p 00000000 00:00 0 
7f1c80000000-7f1c801f0000 rw-p 00000000 00:00 0 
7f1c801f0000-7f1c84000000 ---p 00000000 00:00 0 
7f1c84000000-7f1c8402f000 rw-p 00000000 00:00 0 
7f1c8402f000-7f1c88000000 ---p 00000000 00:00 0 
7f1c88000000-7f1c8aaff000 rw-p 00000000 00:00 0 
7f1c8aaff000-7f1c8c000000 ---p 00000000 00:00 0 
7f1c8c000000-7f1c8c34e000 rw-p 00000000 00:00 0 
7f1c8c34e000-7f1c90000000 ---p 00000000 00:00 0 
7f1c90000000-7f1c900cd000 rw-p 00000000 00:00 0 
7f1c900cd000-7f1c94000000 ---p 00000000 00:00 0 
7f1c94000000-7f1c94061000 rw-p 00000000 00:00 0 
7f1c94061000-7f1c98000000 ---p 00000000 00:00 0 
7f1c98000000-7f1c98246000 rw-p 00000000 00:00 0 
7f1c98246000-7f1c9c000000 ---p 00000000 00:00 0 
7f1c9c000000-7f1c9c138000 rw-p 00000000 00:00 0 
7f1c9c138000-7f1ca0000000 ---p 00000000 00:00 0 
7f1ca0000000-7f1ca285a000 rw-p 00000000 00:00 0 
7f1ca285a000-7f1ca4000000 ---p 00000000 00:00 0 
7f1ca4000000-7f1ca53eb000 rw-p 00000000 00:00 0 
7f1ca53eb000-7f1ca8000000 ---p 00000000 00:00 0 
7f1ca8000000-7f1ca80f2000 rw-p 00000000 00:00 0 
7f1ca80f2000-7f1cac000000 ---p 00000000 00:00 0 
7f1cac000000-7f1cac021000 rw-p 00000000 00:00 0 
7f1cac021000-7f1cb0000000 ---p 00000000 00:00 0 
7f1cb0000000-7f1cb057d000 rw-p 00000000 00:00 0 
7f1cb057d000-7f1cb4000000 ---p 00000000 00:00 0 
7f1cb4000000-7f1cb4021000 rw-p 00000000 00:00 0 
7f1cb4021000-7f1cb8000000 ---p 00000000 00:00 0 
7f1cb8000000-7f1cb814d000 rw-p 00000000 00:00 0 
7f1cb814d000-7f1cbc000000 ---p 00000000 00:00 0 
7f1cbc000000-7f1cbd15e000 rw-p 00000000 00:00 0 
7f1cbd15e000-7f1cc0000000 ---p 00000000 00:00 0 
7f1cc0000000-7f1cc0245000 rw-p 00000000 00:00 0 
7f1cc0245000-7f1cc4000000 ---p 00000000 00:00 0 
7f1cc4000000-7f1cc4021000 rw-p 00000000 00:00 0 
7f1cc4021000-7f1cc8000000 ---p 00000000 00:00 0 
7f1cc8000000-7f1ccbffa000 rw-p 00000000 00:00 0 
7f1ccbffa000-7f1ccc000000 ---p 00000000 00:00 0 
7f1ccc000000-7f1ccc2bb000 rw-p 00000000 00:00 0 
7f1ccc2bb000-7f1cd0000000 ---p 00000000 00:00 0 
7f1cd0000000-7f1cd0cae000 rw-p 00000000 00:00 0 
7f1cd0cae000-7f1cd4000000 ---p 00000000 00:00 0 
7f1cd4000000-7f1cd403d000 rw-p 00000000 00:00 0 
7f1cd403d000-7f1cd8000000 ---p 00000000 00:00 0 
7f1cd8000000-7f1cd8021000 rw-p 00000000 00:00 0 
7f1cd8021000-7f1cdc000000 ---p 00000000 00:00 0 
7f1cdc000000-7f1cdc021000 rw-p 00000000 00:00 0 
7f1cdc021000-7f1ce0000000 ---p 00000000 00:00 0 
7f1ce00c9000-7f1ce00cd000 ---p 00000000 00:00 0 
7f1ce00cd000-7f1ce01c9000 rw-p 00000000 00:00 0 
7f1ce0200000-7f1ce0204000 ---p 00000000 00:00 0 
7f1ce0204000-7f1ce0300000 rw-p 00000000 00:00 0 
7f1ce0300000-7f1ce0304000 ---p 00000000 00:00 0 
7f1ce0304000-7f1ce0500000 rw-p 00000000 00:00 0 
7f1ce0500000-7f1ce0600000 rw-p 00000000 00:00 0 
7f1ce0600000-7f1ce0900000 rw-p 00000000 00:00 0 
7f1ce0900000-7f1ce0a00000 rw-p 00000000 00:00 0 
7f1ce0a00000-7f1ce0c00000 rw-p 00000000 00:00 0 
7f1ce0c00000-7f1ce0c04000 ---p 00000000 00:00 0 
7f1ce0c04000-7f1ce0d00000 rw-p 00000000 00:00 0 
7f1ce0d00000-7f1ce0d04000 ---p 00000000 00:00 0 
7f1ce0d04000-7f1ce0e00000 rw-p 00000000 00:00 0 
7f1ce0e00000-7f1ce0e04000 ---p 00000000 00:00 0 
7f1ce0e04000-7f1ce0f00000 rw-p 00000000 00:00 0 
7f1ce0f00000-7f1ce0f04000 ---p 00000000 00:00 0 
7f1ce0f04000-7f1ce1000000 rw-p 00000000 00:00 0 
7f1ce1000000-7f1ce1010000 r-xp 00000000 08:06 3411779                    /home/alois/.config/Code/User/globalStorage/redhat.java/1.15.0/config_linux/org.eclipse.equinox.launcher/org.eclipse.equinox.launcher.gtk.linux.x86_64_1.2.700.v20221108-1024/eclipse_11801.so
7f1ce1010000-7f1ce120f000 ---p 00010000 08:06 3411779                    /home/alois/.config/Code/User/globalStorage/redhat.java/1.15.0/config_linux/org.eclipse.equinox.launcher/org.eclipse.equinox.launcher.gtk.linux.x86_64_1.2.700.v20221108-1024/eclipse_11801.so
7f1ce120f000-7f1ce1210000 r--p 0000f000 08:06 3411779                    /home/alois/.config/Code/User/globalStorage/redhat.java/1.15.0/config_linux/org.eclipse.equinox.launcher/org.eclipse.equinox.launcher.gtk.linux.x86_64_1.2.700.v20221108-1024/eclipse_11801.so
7f1ce1210000-7f1ce1211000 rw-p 00010000 08:06 3411779                    /home/alois/.config/Code/User/globalStorage/redhat.java/1.15.0/config_linux/org.eclipse.equinox.launcher/org.eclipse.equinox.launcher.gtk.linux.x86_64_1.2.700.v20221108-1024/eclipse_11801.so
7f1ce1211000-7f1ce1212000 rw-p 00000000 00:00 0 
7f1ce1300000-7f1ce1304000 ---p 00000000 00:00 0 
7f1ce1304000-7f1ce1400000 rw-p 00000000 00:00 0 
7f1ce1400000-7f1ce1404000 ---p 00000000 00:00 0 
7f1ce1404000-7f1ce1500000 rw-p 00000000 00:00 0 
7f1ce1500000-7f1ce1504000 ---p 00000000 00:00 0 
7f1ce1504000-7f1ce1600000 rw-p 00000000 00:00 0 
7f1ce1600000-7f1ce1604000 ---p 00000000 00:00 0 
7f1ce1604000-7f1ce1700000 rw-p 00000000 00:00 0 
7f1ce1700000-7f1ce1704000 ---p 00000000 00:00 0 
7f1ce1704000-7f1ce1800000 rw-p 00000000 00:00 0 
7f1ce1800000-7f1ce1804000 ---p 00000000 00:00 0 
7f1ce1804000-7f1ce1900000 rw-p 00000000 00:00 0 
7f1ce1900000-7f1ce1904000 ---p 00000000 00:00 0 
7f1ce1904000-7f1ce1a00000 rw-p 00000000 00:00 0 
7f1ce1a00000-7f1ce1a04000 ---p 00000000 00:00 0 
7f1ce1a04000-7f1ce1b00000 rw-p 00000000 00:00 0 
7f1ce1b00000-7f1ce1b04000 ---p 00000000 00:00 0 
7f1ce1b04000-7f1ce1cc0000 rw-p 00000000 00:00 0 
7f1ce1cc0000-7f1ce1d00000 rw-p 00000000 00:00 0 
7f1ce1d00000-7f1ce1f00000 rw-p 00000000 00:00 0 
7f1ce1f00000-7f1ce2000000 rw-p 00000000 00:00 0 
7f1ce2000000-7f1ce2300000 rw-p 00000000 00:00 0 
7f1ce2300000-7f1ce2400000 rw-p 00000000 00:00 0 
7f1ce24f8000-7f1ce24f9000 ---p 00000000 00:00 0 
7f1ce24f9000-7f1ce25fa000 rw-p 00000000 00:00 0 
7f1ce25fa000-7f1ce25fb000 ---p 00000000 00:00 0 
7f1ce25fb000-7f1ce26fc000 rw-p 00000000 00:00 0 
7f1ce26fc000-7f1ce26fd000 ---p 00000000 00:00 0 
7f1ce26fd000-7f1ce27fe000 rw-p 00000000 00:00 0 
7f1ce27fe000-7f1ce2802000 ---p 00000000 00:00 0 
7f1ce2802000-7f1ce28fe000 rw-p 00000000 00:00 0 
7f1ce28fe000-7f1ce28ff000 ---p 00000000 00:00 0 
7f1ce28ff000-7f1ce2a00000 rw-p 00000000 00:00 0 
7f1ce2a00000-7f1ce2a04000 ---p 00000000 00:00 0 
7f1ce2a04000-7f1ce2b00000 rw-p 00000000 00:00 0 
7f1ce2b00000-7f1ce2b04000 ---p 00000000 00:00 0 
7f1ce2b04000-7f1ce2c00000 rw-p 00000000 00:00 0 
7f1ce2c00000-7f1ce2c04000 ---p 00000000 00:00 0 
7f1ce2c04000-7f1ce2d00000 rw-p 00000000 00:00 0 
7f1ce2d00000-7f1ce2d04000 ---p 00000000 00:00 0 
7f1ce2d04000-7f1ce2e00000 rw-p 00000000 00:00 0 
7f1ce2e00000-7f1ce2e04000 ---p 00000000 00:00 0 
7f1ce2e04000-7f1ce2f00000 rw-p 00000000 00:00 0 
7f1ce2f00000-7f1ce2f04000 ---p 00000000 00:00 0 
7f1ce2f04000-7f1ce3000000 rw-p 00000000 00:00 0 
7f1ce3000000-7f1ce3004000 ---p 00000000 00:00 0 
7f1ce3004000-7f1ce3100000 rw-p 00000000 00:00 0 
7f1ce3100000-7f1ce3104000 ---p 00000000 00:00 0 
7f1ce3104000-7f1ce3200000 rw-p 00000000 00:00 0 
7f1ce3200000-7f1ce39f0000 r--p 00000000 08:06 5637564                    /usr/lib/locale/locale-archive
7f1ce39fb000-7f1ce39ff000 ---p 00000000 00:00 0 
7f1ce39ff000-7f1ce3afb000 rw-p 00000000 00:00 0 
7f1ce3afb000-7f1ce3aff000 ---p 00000000 00:00 0 
7f1ce3aff000-7f1ce3bfb000 rw-p 00000000 00:00 0 
7f1ce3bfb000-7f1ce3bfc000 ---p 00000000 00:00 0 
7f1ce3bfc000-7f1ce4000000 rw-p 00000000 00:00 0 
7f1ce4000000-7f1ce40fe000 rw-p 00000000 00:00 0 
7f1ce40fe000-7f1ce8000000 ---p 00000000 00:00 0 
7f1ce80ff000-7f1cea200000 rw-p 00000000 00:00 0 
7f1cea200000-7f1cec4a0000 rwxp 00000000 00:00 0 
7f1cec4a0000-7f1cf1737000 ---p 00000000 00:00 0 
7f1cf1737000-7f1cf19a7000 rwxp 00000000 00:00 0 
7f1cf19a7000-7f1cf1cc8000 ---p 00000000 00:00 0 
7f1cf1cc8000-7f1cf3198000 rwxp 00000000 00:00 0 
7f1cf3198000-7f1cf9200000 ---p 00000000 00:00 0 
7f1cf9200000-7f1cfbe14000 r--s 00000000 08:06 2791015                    /home/alois/.vscode/extensions/redhat.java-1.15.0-linux-x64/jre/17.0.6-linux-x86_64/lib/modules
7f1cfbeff000-7f1cfc000000 rw-p 00000000 00:00 0 
7f1cfc000000-7f1cfcaaf000 rw-p 00000000 00:00 0 
7f1cfcaaf000-7f1d00000000 ---p 00000000 00:00 0 
7f1d000d7000-7f1d000db000 ---p 00000000 00:00 0 
7f1d000db000-7f1d00c00000 rw-p 00000000 00:00 0 
7f1d00c00000-7f1d00c80000 rw-p 00000000 00:00 0 
7f1d00c80000-7f1d00d00000 rw-p 00000000 00:00 0 
7f1d00d00000-7f1d01000000 rw-p 00000000 00:00 0 
7f1d0100e000-7f1d0100f000 r--p 00000000 08:06 5643249                    /usr/lib/x86_64-linux-gnu/libnss_mdns4_minimal.so.2
7f1d0100f000-7f1d01011000 r-xp 00001000 08:06 5643249                    /usr/lib/x86_64-linux-gnu/libnss_mdns4_minimal.so.2
7f1d01011000-7f1d01012000 r--p 00003000 08:06 5643249                    /usr/lib/x86_64-linux-gnu/libnss_mdns4_minimal.so.2
7f1d01012000-7f1d01013000 r--p 00003000 08:06 5643249                    /usr/lib/x86_64-linux-gnu/libnss_mdns4_minimal.so.2
7f1d01013000-7f1d01014000 rw-p 00004000 08:06 5643249                    /usr/lib/x86_64-linux-gnu/libnss_mdns4_minimal.so.2
7f1d01014000-7f1d01015000 r--p 00000000 08:06 2790986                    /home/alois/.vscode/extensions/redhat.java-1.15.0-linux-x64/jre/17.0.6-linux-x86_64/lib/libextnet.so
7f1d01015000-7f1d01016000 r-xp 00001000 08:06 2790986                    /home/alois/.vscode/extensions/redhat.java-1.15.0-linux-x64/jre/17.0.6-linux-x86_64/lib/libextnet.so
7f1d01016000-7f1d01017000 r--p 00002000 08:06 2790986                    /home/alois/.vscode/extensions/redhat.java-1.15.0-linux-x64/jre/17.0.6-linux-x86_64/lib/libextnet.so
7f1d01017000-7f1d01018000 r--p 00002000 08:06 2790986                    /home/alois/.vscode/extensions/redhat.java-1.15.0-linux-x64/jre/17.0.6-linux-x86_64/lib/libextnet.so
7f1d01018000-7f1d01019000 rw-p 00003000 08:06 2790986                    /home/alois/.vscode/extensions/redhat.java-1.15.0-linux-x64/jre/17.0.6-linux-x86_64/lib/libextnet.so
7f1d01019000-7f1d0103e000 r--p 00000000 08:06 7472780                    /usr/share/locale-langpack/fr/LC_MESSAGES/libc.mo
7f1d0103e000-7f1d01042000 r--p 00000000 08:06 2791013                    /home/alois/.vscode/extensions/redhat.java-1.15.0-linux-x64/jre/17.0.6-linux-x86_64/lib/libverify.so
7f1d01042000-7f1d01049000 r-xp 00004000 08:06 2791013                    /home/alois/.vscode/extensions/redhat.java-1.15.0-linux-x64/jre/17.0.6-linux-x86_64/lib/libverify.so
7f1d01049000-7f1d0104b000 r--p 0000b000 08:06 2791013                    /home/alois/.vscode/extensions/redhat.java-1.15.0-linux-x64/jre/17.0.6-linux-x86_64/lib/libverify.so
7f1d0104b000-7f1d0104d000 r--p 0000c000 08:06 2791013                    /home/alois/.vscode/extensions/redhat.java-1.15.0-linux-x64/jre/17.0.6-linux-x86_64/lib/libverify.so
7f1d0104d000-7f1d0104e000 rw-p 0000e000 08:06 2791013                    /home/alois/.vscode/extensions/redhat.java-1.15.0-linux-x64/jre/17.0.6-linux-x86_64/lib/libverify.so
7f1d0104e000-7f1d01052000 r--p 00000000 08:06 2791006                    /home/alois/.vscode/extensions/redhat.java-1.15.0-linux-x64/jre/17.0.6-linux-x86_64/lib/libnet.so
7f1d01052000-7f1d01060000 r-xp 00004000 08:06 2791006                    /home/alois/.vscode/extensions/redhat.java-1.15.0-linux-x64/jre/17.0.6-linux-x86_64/lib/libnet.so
7f1d01060000-7f1d01064000 r--p 00012000 08:06 2791006                    /home/alois/.vscode/extensions/redhat.java-1.15.0-linux-x64/jre/17.0.6-linux-x86_64/lib/libnet.so
7f1d01064000-7f1d01065000 r--p 00015000 08:06 2791006                    /home/alois/.vscode/extensions/redhat.java-1.15.0-linux-x64/jre/17.0.6-linux-x86_64/lib/libnet.so
7f1d01065000-7f1d01066000 rw-p 00016000 08:06 2791006                    /home/alois/.vscode/extensions/redhat.java-1.15.0-linux-x64/jre/17.0.6-linux-x86_64/lib/libnet.so
7f1d01066000-7f1d01636000 rw-p 00000000 00:00 0 
7f1d01636000-7f1d01740000 ---p 00000000 00:00 0 
7f1d01740000-7f1d01741000 ---p 00000000 00:00 0 
7f1d01741000-7f1d0188e000 rw-p 00000000 00:00 0 
7f1d0188e000-7f1d01997000 ---p 00000000 00:00 0 
7f1d01997000-7f1d0199b000 rw-p 00000000 00:00 0 
7f1d0199b000-7f1d01a42000 ---p 00000000 00:00 0 
7f1d01a42000-7f1d01a6d000 rw-p 00000000 00:00 0 
7f1d01a6d000-7f1d01b2e000 ---p 00000000 00:00 0 
7f1d01b2e000-7f1d01b74000 rw-p 00000000 00:00 0 
7f1d01b74000-7f1d01c19000 ---p 00000000 00:00 0 
7f1d01c19000-7f1d01c1d000 ---p 00000000 00:00 0 
7f1d01c1d000-7f1d01d19000 rw-p 00000000 00:00 0 
7f1d01d19000-7f1d01d27000 r--p 00000000 08:06 5638302                    /usr/lib/x86_64-linux-gnu/libm.so.6
7f1d01d27000-7f1d01da3000 r-xp 0000e000 08:06 5638302                    /usr/lib/x86_64-linux-gnu/libm.so.6
7f1d01da3000-7f1d01dfe000 r--p 0008a000 08:06 5638302                    /usr/lib/x86_64-linux-gnu/libm.so.6
7f1d01dfe000-7f1d01dff000 r--p 000e4000 08:06 5638302                    /usr/lib/x86_64-linux-gnu/libm.so.6
7f1d01dff000-7f1d01e00000 rw-p 000e5000 08:06 5638302                    /usr/lib/x86_64-linux-gnu/libm.so.6
7f1d01e00000-7f1d02052000 r--p 00000000 08:06 2791025                    /home/alois/.vscode/extensions/redhat.java-1.15.0-linux-x64/jre/17.0.6-linux-x86_64/lib/server/libjvm.so
7f1d02052000-7f1d02d6f000 r-xp 00252000 08:06 2791025                    /home/alois/.vscode/extensions/redhat.java-1.15.0-linux-x64/jre/17.0.6-linux-x86_64/lib/server/libjvm.so
7f1d02d6f000-7f1d02ffb000 r--p 00f6f000 08:06 2791025                    /home/alois/.vscode/extensions/redhat.java-1.15.0-linux-x64/jre/17.0.6-linux-x86_64/lib/server/libjvm.so
7f1d02ffb000-7f1d030b4000 r--p 011fa000 08:06 2791025                    /home/alois/.vscode/extensions/redhat.java-1.15.0-linux-x64/jre/17.0.6-linux-x86_64/lib/server/libjvm.so
7f1d030b4000-7f1d030e9000 rw-p 012b3000 08:06 2791025                    /home/alois/.vscode/extensions/redhat.java-1.15.0-linux-x64/jre/17.0.6-linux-x86_64/lib/server/libjvm.so
7f1d030e9000-7f1d03143000 rw-p 00000000 00:00 0 
7f1d03143000-7f1d0314a000 r--p 00000000 08:06 2791007                    /home/alois/.vscode/extensions/redhat.java-1.15.0-linux-x64/jre/17.0.6-linux-x86_64/lib/libnio.so
7f1d0314a000-7f1d03153000 r-xp 00007000 08:06 2791007                    /home/alois/.vscode/extensions/redhat.java-1.15.0-linux-x64/jre/17.0.6-linux-x86_64/lib/libnio.so
7f1d03153000-7f1d03157000 r--p 00010000 08:06 2791007                    /home/alois/.vscode/extensions/redhat.java-1.15.0-linux-x64/jre/17.0.6-linux-x86_64/lib/libnio.so
7f1d03157000-7f1d03158000 ---p 00014000 08:06 2791007                    /home/alois/.vscode/extensions/redhat.java-1.15.0-linux-x64/jre/17.0.6-linux-x86_64/lib/libnio.so
7f1d03158000-7f1d03159000 r--p 00014000 08:06 2791007                    /home/alois/.vscode/extensions/redhat.java-1.15.0-linux-x64/jre/17.0.6-linux-x86_64/lib/libnio.so
7f1d03159000-7f1d0315a000 rw-p 00015000 08:06 2791007                    /home/alois/.vscode/extensions/redhat.java-1.15.0-linux-x64/jre/17.0.6-linux-x86_64/lib/libnio.so
7f1d0315a000-7f1d0315c000 r--p 00000000 08:06 2791014                    /home/alois/.vscode/extensions/redhat.java-1.15.0-linux-x64/jre/17.0.6-linux-x86_64/lib/libzip.so
7f1d0315c000-7f1d03160000 r-xp 00002000 08:06 2791014                    /home/alois/.vscode/extensions/redhat.java-1.15.0-linux-x64/jre/17.0.6-linux-x86_64/lib/libzip.so
7f1d03160000-7f1d03162000 r--p 00006000 08:06 2791014                    /home/alois/.vscode/extensions/redhat.java-1.15.0-linux-x64/jre/17.0.6-linux-x86_64/lib/libzip.so
7f1d03162000-7f1d03163000 r--p 00007000 08:06 2791014                    /home/alois/.vscode/extensions/redhat.java-1.15.0-linux-x64/jre/17.0.6-linux-x86_64/lib/libzip.so
7f1d03163000-7f1d03164000 rw-p 00008000 08:06 2791014                    /home/alois/.vscode/extensions/redhat.java-1.15.0-linux-x64/jre/17.0.6-linux-x86_64/lib/libzip.so
7f1d03164000-7f1d03200000 rw-p 00000000 00:00 0 
7f1d03200000-7f1d03228000 r--p 00000000 08:06 5638275                    /usr/lib/x86_64-linux-gnu/libc.so.6
7f1d03228000-7f1d033bd000 r-xp 00028000 08:06 5638275                    /usr/lib/x86_64-linux-gnu/libc.so.6
7f1d033bd000-7f1d03415000 r--p 001bd000 08:06 5638275                    /usr/lib/x86_64-linux-gnu/libc.so.6
7f1d03415000-7f1d03419000 r--p 00214000 08:06 5638275                    /usr/lib/x86_64-linux-gnu/libc.so.6
7f1d03419000-7f1d0341b000 rw-p 00218000 08:06 5638275                    /usr/lib/x86_64-linux-gnu/libc.so.6
7f1d0341b000-7f1d03428000 rw-p 00000000 00:00 0 
7f1d03428000-7f1d0342f000 r--s 00000000 08:06 6296706                    /usr/lib/x86_64-linux-gnu/gconv/gconv-modules.cache
7f1d0342f000-7f1d03448000 rw-p 00000000 00:00 0 
7f1d03448000-7f1d0344f000 ---p 00000000 00:00 0 
7f1d0344f000-7f1d0345c000 r--p 00000000 08:06 2790993                    /home/alois/.vscode/extensions/redhat.java-1.15.0-linux-x64/jre/17.0.6-linux-x86_64/lib/libjava.so
7f1d0345c000-7f1d0346e000 r-xp 0000d000 08:06 2790993                    /home/alois/.vscode/extensions/redhat.java-1.15.0-linux-x64/jre/17.0.6-linux-x86_64/lib/libjava.so
7f1d0346e000-7f1d03474000 r--p 0001f000 08:06 2790993                    /home/alois/.vscode/extensions/redhat.java-1.15.0-linux-x64/jre/17.0.6-linux-x86_64/lib/libjava.so
7f1d03474000-7f1d03475000 ---p 00025000 08:06 2790993                    /home/alois/.vscode/extensions/redhat.java-1.15.0-linux-x64/jre/17.0.6-linux-x86_64/lib/libjava.so
7f1d03475000-7f1d03476000 r--p 00025000 08:06 2790993                    /home/alois/.vscode/extensions/redhat.java-1.15.0-linux-x64/jre/17.0.6-linux-x86_64/lib/libjava.so
7f1d03476000-7f1d03477000 rw-p 00026000 08:06 2790993                    /home/alois/.vscode/extensions/redhat.java-1.15.0-linux-x64/jre/17.0.6-linux-x86_64/lib/libjava.so
7f1d03477000-7f1d03478000 rw-p 00000000 00:00 0 
7f1d03478000-7f1d0347c000 r--p 00000000 08:06 2790997                    /home/alois/.vscode/extensions/redhat.java-1.15.0-linux-x64/jre/17.0.6-linux-x86_64/lib/libjimage.so
7f1d0347c000-7f1d0348f000 r-xp 00004000 08:06 2790997                    /home/alois/.vscode/extensions/redhat.java-1.15.0-linux-x64/jre/17.0.6-linux-x86_64/lib/libjimage.so
7f1d0348f000-7f1d03495000 r--p 00017000 08:06 2790997                    /home/alois/.vscode/extensions/redhat.java-1.15.0-linux-x64/jre/17.0.6-linux-x86_64/lib/libjimage.so
7f1d03495000-7f1d03497000 r--p 0001c000 08:06 2790997                    /home/alois/.vscode/extensions/redhat.java-1.15.0-linux-x64/jre/17.0.6-linux-x86_64/lib/libjimage.so
7f1d03497000-7f1d03498000 rw-p 0001e000 08:06 2790997                    /home/alois/.vscode/extensions/redhat.java-1.15.0-linux-x64/jre/17.0.6-linux-x86_64/lib/libjimage.so
7f1d03498000-7f1d03499000 r--p 00000000 08:06 5638357                    /usr/lib/x86_64-linux-gnu/librt.so.1
7f1d03499000-7f1d0349a000 r-xp 00001000 08:06 5638357                    /usr/lib/x86_64-linux-gnu/librt.so.1
7f1d0349a000-7f1d0349b000 r--p 00002000 08:06 5638357                    /usr/lib/x86_64-linux-gnu/librt.so.1
7f1d0349b000-7f1d0349c000 r--p 00002000 08:06 5638357                    /usr/lib/x86_64-linux-gnu/librt.so.1
7f1d0349c000-7f1d0349d000 rw-p 00003000 08:06 5638357                    /usr/lib/x86_64-linux-gnu/librt.so.1
7f1d0349d000-7f1d034a1000 rw-p 00000000 00:00 0 
7f1d034a1000-7f1d034a2000 r--p 00000000 08:06 5638296                    /usr/lib/x86_64-linux-gnu/libdl.so.2
7f1d034a2000-7f1d034a3000 r-xp 00001000 08:06 5638296                    /usr/lib/x86_64-linux-gnu/libdl.so.2
7f1d034a3000-7f1d034a4000 r--p 00002000 08:06 5638296                    /usr/lib/x86_64-linux-gnu/libdl.so.2
7f1d034a4000-7f1d034a5000 r--p 00002000 08:06 5638296                    /usr/lib/x86_64-linux-gnu/libdl.so.2
7f1d034a5000-7f1d034a6000 rw-p 00003000 08:06 5638296                    /usr/lib/x86_64-linux-gnu/libdl.so.2
7f1d034a6000-7f1d034a7000 r--p 00000000 08:06 5638354                    /usr/lib/x86_64-linux-gnu/libpthread.so.0
7f1d034a7000-7f1d034a8000 r-xp 00001000 08:06 5638354                    /usr/lib/x86_64-linux-gnu/libpthread.so.0
7f1d034a8000-7f1d034a9000 r--p 00002000 08:06 5638354                    /usr/lib/x86_64-linux-gnu/libpthread.so.0
7f1d034a9000-7f1d034aa000 r--p 00002000 08:06 5638354                    /usr/lib/x86_64-linux-gnu/libpthread.so.0
7f1d034aa000-7f1d034ab000 rw-p 00003000 08:06 5638354                    /usr/lib/x86_64-linux-gnu/libpthread.so.0
7f1d034ab000-7f1d034ae000 r--p 00000000 08:06 2790998                    /home/alois/.vscode/extensions/redhat.java-1.15.0-linux-x64/jre/17.0.6-linux-x86_64/lib/libjli.so
7f1d034ae000-7f1d034b8000 r-xp 00003000 08:06 2790998                    /home/alois/.vscode/extensions/redhat.java-1.15.0-linux-x64/jre/17.0.6-linux-x86_64/lib/libjli.so
7f1d034b8000-7f1d034bb000 r--p 0000d000 08:06 2790998                    /home/alois/.vscode/extensions/redhat.java-1.15.0-linux-x64/jre/17.0.6-linux-x86_64/lib/libjli.so
7f1d034bb000-7f1d034bc000 ---p 00010000 08:06 2790998                    /home/alois/.vscode/extensions/redhat.java-1.15.0-linux-x64/jre/17.0.6-linux-x86_64/lib/libjli.so
7f1d034bc000-7f1d034bd000 r--p 00010000 08:06 2790998                    /home/alois/.vscode/extensions/redhat.java-1.15.0-linux-x64/jre/17.0.6-linux-x86_64/lib/libjli.so
7f1d034bd000-7f1d034be000 rw-p 00011000 08:06 2790998                    /home/alois/.vscode/extensions/redhat.java-1.15.0-linux-x64/jre/17.0.6-linux-x86_64/lib/libjli.so
7f1d034be000-7f1d034c0000 r--p 00000000 08:06 5640923                    /usr/lib/x86_64-linux-gnu/libz.so.1.2.11
7f1d034c0000-7f1d034d1000 r-xp 00002000 08:06 5640923                    /usr/lib/x86_64-linux-gnu/libz.so.1.2.11
7f1d034d1000-7f1d034d7000 r--p 00013000 08:06 5640923                    /usr/lib/x86_64-linux-gnu/libz.so.1.2.11
7f1d034d7000-7f1d034d8000 ---p 00019000 08:06 5640923                    /usr/lib/x86_64-linux-gnu/libz.so.1.2.11
7f1d034d8000-7f1d034d9000 r--p 00019000 08:06 5640923                    /usr/lib/x86_64-linux-gnu/libz.so.1.2.11
7f1d034d9000-7f1d034da000 rw-p 0001a000 08:06 5640923                    /usr/lib/x86_64-linux-gnu/libz.so.1.2.11
7f1d034da000-7f1d034e2000 rw-s 00000000 08:06 2097592                    /tmp/hsperfdata_alois/27871
7f1d034e2000-7f1d034e4000 r--p 00000000 08:06 2790988                    /home/alois/.vscode/extensions/redhat.java-1.15.0-linux-x64/jre/17.0.6-linux-x86_64/lib/libinstrument.so
7f1d034e4000-7f1d034ea000 r-xp 00002000 08:06 2790988                    /home/alois/.vscode/extensions/redhat.java-1.15.0-linux-x64/jre/17.0.6-linux-x86_64/lib/libinstrument.so
7f1d034ea000-7f1d034ed000 r--p 00008000 08:06 2790988                    /home/alois/.vscode/extensions/redhat.java-1.15.0-linux-x64/jre/17.0.6-linux-x86_64/lib/libinstrument.so
7f1d034ed000-7f1d034ee000 r--p 0000a000 08:06 2790988                    /home/alois/.vscode/extensions/redhat.java-1.15.0-linux-x64/jre/17.0.6-linux-x86_64/lib/libinstrument.so
7f1d034ee000-7f1d034ef000 rw-p 0000b000 08:06 2790988                    /home/alois/.vscode/extensions/redhat.java-1.15.0-linux-x64/jre/17.0.6-linux-x86_64/lib/libinstrument.so
7f1d034ef000-7f1d034f0000 ---p 00000000 00:00 0 
7f1d034f0000-7f1d034f1000 r--p 00000000 00:00 0 
7f1d034f1000-7f1d034f3000 rw-p 00000000 00:00 0 
7f1d034f3000-7f1d034f5000 r--p 00000000 08:06 5638254                    /usr/lib/x86_64-linux-gnu/ld-linux-x86-64.so.2
7f1d034f5000-7f1d0351f000 r-xp 00002000 08:06 5638254                    /usr/lib/x86_64-linux-gnu/ld-linux-x86-64.so.2
7f1d0351f000-7f1d0352a000 r--p 0002c000 08:06 5638254                    /usr/lib/x86_64-linux-gnu/ld-linux-x86-64.so.2
7f1d0352a000-7f1d0352b000 ---p 00000000 00:00 0 
7f1d0352b000-7f1d0352d000 r--p 00037000 08:06 5638254                    /usr/lib/x86_64-linux-gnu/ld-linux-x86-64.so.2
7f1d0352d000-7f1d0352f000 rw-p 00039000 08:06 5638254                    /usr/lib/x86_64-linux-gnu/ld-linux-x86-64.so.2
7ffdcb086000-7ffdcb0a8000 rw-p 00000000 00:00 0                          [stack]
7ffdcb172000-7ffdcb176000 r--p 00000000 00:00 0                          [vvar]
7ffdcb176000-7ffdcb178000 r-xp 00000000 00:00 0                          [vdso]
ffffffffff600000-ffffffffff601000 --xp 00000000 00:00 0                  [vsyscall]


VM Arguments:
jvm_args: --add-modules=ALL-SYSTEM --add-opens=java.base/java.util=ALL-UNNAMED --add-opens=java.base/java.lang=ALL-UNNAMED --add-opens=java.base/sun.nio.fs=ALL-UNNAMED -Declipse.application=org.eclipse.jdt.ls.core.id1 -Dosgi.bundles.defaultStartLevel=4 -Declipse.product=org.eclipse.jdt.ls.core.product -Djava.import.generatesMetadataFilesAtProjectRoot=false -Dfile.encoding=utf8 -XX:+UseParallelGC -XX:GCTimeRatio=4 -XX:AdaptiveSizePolicyWeight=90 -Dsun.zip.disableMemoryMapping=true -Xmx1G -Xms100m -Xlog:disable -javaagent:/home/alois/.vscode/extensions/redhat.java-1.15.0-linux-x64/lombok/lombok-1.18.24.jar -XX:+HeapDumpOnOutOfMemoryError -XX:HeapDumpPath=/home/alois/.config/Code/User/workspaceStorage/93142a60fbb5663d6a586b8591bfc3f8/redhat.java 
java_command: /home/alois/.vscode/extensions/redhat.java-1.15.0-linux-x64/server/plugins/org.eclipse.equinox.launcher_1.6.400.v20210924-0641.jar -configuration /home/alois/.config/Code/User/globalStorage/redhat.java/1.15.0/config_linux -data /home/alois/.config/Code/User/workspaceStorage/93142a60fbb5663d6a586b8591bfc3f8/redhat.java/jdt_ws
java_class_path (initial): /home/alois/.vscode/extensions/redhat.java-1.15.0-linux-x64/server/plugins/org.eclipse.equinox.launcher_1.6.400.v20210924-0641.jar
Launcher Type: SUN_STANDARD

[Global flags]
    uintx AdaptiveSizePolicyWeight                 = 90                                        {product} {command line}
     intx CICompilerCount                          = 3                                         {product} {ergonomic}
    uintx GCTimeRatio                              = 4                                         {product} {command line}
     bool HeapDumpOnOutOfMemoryError               = true                                   {manageable} {command line}
    ccstr HeapDumpPath                             = /home/alois/.config/Code/User/workspaceStorage/93142a60fbb5663d6a586b8591bfc3f8/redhat.java         {manageable} {command line}
   size_t InitialHeapSize                          = 104857600                                 {product} {command line}
   size_t MaxHeapSize                              = 1073741824                                {product} {command line}
   size_t MaxNewSize                               = 357564416                                 {product} {ergonomic}
   size_t MinHeapDeltaBytes                        = 524288                                    {product} {ergonomic}
   size_t MinHeapSize                              = 104857600                                 {product} {command line}
   size_t NewSize                                  = 34603008                                  {product} {ergonomic}
    uintx NonNMethodCodeHeapSize                   = 5832780                                {pd product} {ergonomic}
    uintx NonProfiledCodeHeapSize                  = 122912730                              {pd product} {ergonomic}
   size_t OldSize                                  = 70254592                                  {product} {ergonomic}
    uintx ProfiledCodeHeapSize                     = 122912730                              {pd product} {ergonomic}
    uintx ReservedCodeCacheSize                    = 251658240                              {pd product} {ergonomic}
     bool SegmentedCodeCache                       = true                                      {product} {ergonomic}
   size_t SoftMaxHeapSize                          = 1073741824                             {manageable} {ergonomic}
     bool UseCompressedClassPointers               = true                           {product lp64_product} {ergonomic}
     bool UseCompressedOops                        = true                           {product lp64_product} {ergonomic}
     bool UseParallelGC                            = true                                      {product} {command line}

Logging:
Log output configuration:
 #0: stdout all=off uptime,level,tags
 #1: stderr all=off uptime,level,tags

Environment Variables:
PATH=/home/alois/.opam/4.14.0/bin:/home/alois/.local/bin:/home/alois/.opam/4.14.0/bin:/home/alois/.local/bin:/usr/local/sbin:/usr/local/bin:/usr/sbin:/usr/bin:/sbin:/bin:/usr/games:/usr/local/games:/snap/bin:/snap/bin
USERNAME=alois
SHELL=/bin/bash
DISPLAY=:0
LANG=fr_FR.UTF-8

Signal Handlers:
   SIGSEGV: crash_handler in libjvm.so, mask=11100100010111111101111111111110, flags=SA_RESTART|SA_SIGINFO
    SIGBUS: crash_handler in libjvm.so, mask=11100100010111111101111111111110, flags=SA_RESTART|SA_SIGINFO
    SIGFPE: crash_handler in libjvm.so, mask=11100100010111111101111111111110, flags=SA_RESTART|SA_SIGINFO
   SIGPIPE: javaSignalHandler in libjvm.so, mask=11100100010111111101111111111110, flags=SA_RESTART|SA_SIGINFO
   SIGXFSZ: javaSignalHandler in libjvm.so, mask=11100100010111111101111111111110, flags=SA_RESTART|SA_SIGINFO
    SIGILL: crash_handler in libjvm.so, mask=11100100010111111101111111111110, flags=SA_RESTART|SA_SIGINFO
   SIGUSR2: SR_handler in libjvm.so, mask=00000000000000000000000000000000, flags=SA_RESTART|SA_SIGINFO
    SIGHUP: UserHandler in libjvm.so, mask=11100100010111111101111111111110, flags=SA_RESTART|SA_SIGINFO
    SIGINT: UserHandler in libjvm.so, mask=11100100010111111101111111111110, flags=SA_RESTART|SA_SIGINFO
   SIGTERM: UserHandler in libjvm.so, mask=11100100010111111101111111111110, flags=SA_RESTART|SA_SIGINFO
   SIGQUIT: UserHandler in libjvm.so, mask=11100100010111111101111111111110, flags=SA_RESTART|SA_SIGINFO
   SIGTRAP: crash_handler in libjvm.so, mask=11100100010111111101111111111110, flags=SA_RESTART|SA_SIGINFO


---------------  S Y S T E M  ---------------

OS:
DISTRIB_ID=Ubuntu
DISTRIB_RELEASE=22.04
DISTRIB_CODENAME=jammy
DISTRIB_DESCRIPTION="Ubuntu 22.04.2 LTS"
uname: Linux 5.19.0-32-generic #33~22.04.1-Ubuntu SMP PREEMPT_DYNAMIC Mon Jan 30 17:03:34 UTC 2 x86_64
OS uptime: 0 days 2:36 hours
libc: glibc 2.35 NPTL 2.35 
rlimit (soft/hard): STACK 8192k/infinity , CORE 0k/infinity , NPROC 31122/31122 , NOFILE 1048576/1048576 , AS infinity/infinity , CPU infinity/infinity , DATA infinity/infinity , FSIZE infinity/infinity , MEMLOCK 1005616k/1005616k
load average: 0,41 0,50 0,44

/proc/meminfo:
MemTotal:        8044944 kB
MemFree:          208508 kB
MemAvailable:    3222164 kB
Buffers:          194148 kB
Cached:          4027516 kB
SwapCached:           36 kB
Active:          1824288 kB
Inactive:        4940348 kB
Active(anon):      14988 kB
Inactive(anon):  3586016 kB
Active(file):    1809300 kB
Inactive(file):  1354332 kB
Unevictable:      561596 kB
Mlocked:              16 kB
SwapTotal:       2097148 kB
SwapFree:        2096124 kB
Zswap:                 0 kB
Zswapped:              0 kB
Dirty:               332 kB
Writeback:             0 kB
AnonPages:       3104712 kB
Mapped:          1155472 kB
Shmem:           1065220 kB
KReclaimable:     151988 kB
Slab:             338940 kB
SReclaimable:     151988 kB
SUnreclaim:       186952 kB
KernelStack:       15648 kB
PageTables:        46204 kB
NFS_Unstable:          0 kB
Bounce:                0 kB
WritebackTmp:          0 kB
CommitLimit:     6119620 kB
Committed_AS:   11104784 kB
VmallocTotal:   34359738367 kB
VmallocUsed:       66884 kB
VmallocChunk:          0 kB
Percpu:             4928 kB
HardwareCorrupted:     0 kB
AnonHugePages:         0 kB
ShmemHugePages:        0 kB
ShmemPmdMapped:        0 kB
FileHugePages:         0 kB
FilePmdMapped:         0 kB
HugePages_Total:       0
HugePages_Free:        0
HugePages_Rsvd:        0
HugePages_Surp:        0
Hugepagesize:       2048 kB
Hugetlb:               0 kB
DirectMap4k:      308504 kB
DirectMap2M:     7991296 kB
DirectMap1G:           0 kB

/sys/kernel/mm/transparent_hugepage/enabled: always [madvise] never
/sys/kernel/mm/transparent_hugepage/defrag (defrag/compaction efforts parameter): always defer defer+madvise [madvise] never

Process Memory:
Virtual Size: 4858160K (peak: 4915504K)
Resident Set Size: 642028K (peak: 654912K) (anon: 550024K, file: 92004K, shmem: 0K)
Swapped out: 0K
C-Heap outstanding allocations: 60628K, retained: 181579K
glibc malloc tunables: (default)

/proc/sys/kernel/threads-max (system-wide limit on the number of threads): 62244
/proc/sys/vm/max_map_count (maximum number of memory map areas a process may have): 65530
/proc/sys/kernel/pid_max (system-wide limit on number of process identifiers): 4194304

container (cgroup) information:
container_type: cgroupv2
cpu_cpuset_cpus: not supported
cpu_memory_nodes: not supported
active_processor_count: 4
cpu_quota: not supported
cpu_period: not supported
cpu_shares: not supported
memory_limit_in_bytes: unlimited
memory_and_swap_limit_in_bytes: unlimited
memory_soft_limit_in_bytes: unlimited
memory_usage_in_bytes: 2506780 k
memory_max_usage_in_bytes: not supported
memory_swap_current_in_bytes: unlimited
memory_swap_max_limit_in_bytes: unlimited
maximum number of tasks: 9336
current number of tasks: 217

Steal ticks since vm start: 0
Steal ticks percentage since vm start:  0,000

CPU: total 4 (initial active 4) (2 cores per cpu, 2 threads per core) family 6 model 78 stepping 3 microcode 0xf0, cx8, cmov, fxsr, ht, mmx, 3dnowpref, sse, sse2, sse3, ssse3, sse4.1, sse4.2, popcnt, lzcnt, tsc, tscinvbit, avx, avx2, aes, erms, clmul, bmi1, bmi2, adx, fma, vzeroupper, clflush, clflushopt
CPU Model and flags from /proc/cpuinfo:
model name	: Intel(R) Core(TM) i3-6157U CPU @ 2.40GHz
flags		: fpu vme de pse tsc msr pae mce cx8 apic sep mtrr pge mca cmov pat pse36 clflush dts acpi mmx fxsr sse sse2 ss ht tm pbe syscall nx pdpe1gb rdtscp lm constant_tsc art arch_perfmon pebs bts rep_good nopl xtopology nonstop_tsc cpuid aperfmperf pni pclmulqdq dtes64 monitor ds_cpl vmx est tm2 ssse3 sdbg fma cx16 xtpr pdcm pcid sse4_1 sse4_2 x2apic movbe popcnt tsc_deadline_timer aes xsave avx f16c rdrand lahf_lm abm 3dnowprefetch cpuid_fault epb invpcid_single pti ssbd ibrs ibpb stibp tpr_shadow vnmi flexpriority ept vpid ept_ad fsgsbase tsc_adjust bmi1 avx2 smep bmi2 erms invpcid mpx rdseed adx smap clflushopt intel_pt xsaveopt xsavec xgetbv1 xsaves dtherm ida arat pln pts hwp hwp_notify hwp_act_window hwp_epp md_clear flush_l1d arch_capabilities

Online cpus: 0-3
Offline cpus: 
BIOS frequency limitation: <Not Available>
Frequency switch latency (ns): 0
Available cpu frequencies: <Not Available>
Current governor: powersave
Core performance/turbo boost: <Not Available>

Memory: 4k page, physical 8044944k(208508k free), swap 2097148k(2096124k free)
Page Sizes: 4k

vm_info: OpenJDK 64-Bit Server VM (17.0.6+10) for linux-amd64 JRE (17.0.6+10), built on Jan 17 2023 00:00:00 by "temurin" with gcc 10.3.0

END.
